#
# There is insufficient memory for the Java Runtime Environment to continue.
# Native memory allocation (malloc) failed to allocate 808656 bytes for Chunk::new
# Possible reasons:
#   The system is out of physical RAM or swap space
#   The process is running with CompressedOops enabled, and the Java Heap may be blocking the growth of the native heap
# Possible solutions:
#   Reduce memory load on the system
#   Increase physical memory or swap space
#   Check if swap backing store is full
#   Decrease Java heap size (-Xmx/-Xms)
#   Decrease number of Java threads
#   Decrease Java thread stack sizes (-Xss)
#   Set larger code cache with -XX:ReservedCodeCacheSize=
#   JVM is running with Unscaled Compressed Oops mode in which the Java heap is
#     placed in the first 4GB address space. The Java Heap base address is the
#     maximum limit for the native heap growth. Please use -XX:HeapBaseMinAddress
#     to set the Java Heap base and to place the Java Heap above 4GB virtual address.
# This output file may be truncated or incomplete.
#
#  Out of Memory Error (arena.cpp:189), pid=190136, tid=193028
#
# JRE version: OpenJDK Runtime Environment Temurin-17.0.5+8 (17.0.5+8) (build 17.0.5+8)
# Java VM: OpenJDK 64-Bit Server VM Temurin-17.0.5+8 (17.0.5+8, mixed mode, sharing, tiered, compressed oops, compressed class ptrs, g1 gc, windows-amd64)
# No core dump will be written. Minidumps are not enabled by default on client versions of Windows
#

---------------  S U M M A R Y ------------

Command Line: --add-opens=java.base/java.lang=ALL-UNNAMED --add-opens=java.base/java.lang.invoke=ALL-UNNAMED --add-opens=java.base/java.util=ALL-UNNAMED --add-opens=java.prefs/java.util.prefs=ALL-UNNAMED --add-exports=jdk.compiler/com.sun.tools.javac.api=ALL-UNNAMED --add-exports=jdk.compiler/com.sun.tools.javac.util=ALL-UNNAMED --add-opens=java.base/java.util=ALL-UNNAMED --add-opens=java.prefs/java.util.prefs=ALL-UNNAMED --add-opens=java.base/java.nio.charset=ALL-UNNAMED --add-opens=java.base/java.net=ALL-UNNAMED --add-opens=java.base/java.util.concurrent=ALL-UNNAMED --add-opens=java.base/java.util.concurrent.atomic=ALL-UNNAMED --add-opens=java.xml/javax.xml.namespace=ALL-UNNAMED --add-opens=java.base/java.time=ALL-UNNAMED -XX:MaxMetaspaceSize=384m -XX:+HeapDumpOnOutOfMemoryError -Xms256m -Xmx512m -Dfile.encoding=GBK -Duser.country=CN -Duser.language=zh -Duser.variant -javaagent:C:\Users\sunwu\.gradle\wrapper\dists\gradle-9.1.0-bin\9agqghryom9wkf8r80qlhnts3\gradle-9.1.0\lib\agents\gradle-instrumentation-agent-9.1.0.jar org.gradle.launcher.daemon.bootstrap.GradleDaemon 9.1.0

Host: AMD Ryzen 7 3700X 8-Core Processor             , 16 cores, 63G,  Windows 10 , 64 bit Build 19041 (10.0.19041.5915)
Time: Sun Feb  8 12:32:44 2026  Windows 10 , 64 bit Build 19041 (10.0.19041.5915) elapsed time: 2151.709130 seconds (0d 0h 35m 51s)

---------------  T H R E A D  ---------------

Current thread (0x0000025203bcd4d0):  JavaThread "C2 CompilerThread1" daemon [_thread_in_native, id=193028, stack(0x000000cc05000000,0x000000cc05100000)]


Current CompileTask:
C2:2151709 7264       4       java.net.URLClassLoader$1::run (5 bytes)

Stack: [0x000000cc05000000,0x000000cc05100000]
Native frames: (J=compiled Java code, j=interpreted, Vv=VM code, C=native code)
V  [jvm.dll+0x676b3a]
V  [jvm.dll+0x831444]
V  [jvm.dll+0x832bee]
V  [jvm.dll+0x833253]
V  [jvm.dll+0x244ce5]
V  [jvm.dll+0xabbac]
V  [jvm.dll+0xac17c]
V  [jvm.dll+0x2abd2f]
V  [jvm.dll+0x57d517]
V  [jvm.dll+0x21fd72]
V  [jvm.dll+0x22014f]
V  [jvm.dll+0x2199a5]
V  [jvm.dll+0x216e6b]
V  [jvm.dll+0x1a343d]
V  [jvm.dll+0x22698a]
V  [jvm.dll+0x224ac5]
V  [jvm.dll+0x7e727b]
V  [jvm.dll+0x7e17ea]
V  [jvm.dll+0x6759e5]
C  [ucrtbase.dll+0x21bb2]
C  [KERNEL32.DLL+0x17374]
C  [ntdll.dll+0x4cc91]


---------------  P R O C E S S  ---------------

Threads class SMR info:
_java_thread_list=0x000002527d36df20, length=39, elements={
0x0000025260a6e770, 0x000002527c071650, 0x000002527c072110, 0x000002527c08c4b0,
0x000002527c08ed80, 0x000002527c08f640, 0x000002527c090f10, 0x000002527c091bb0,
0x000002527c0ba230, 0x000002527cc20040, 0x000002527c057cf0, 0x000002527ce5c5f0,
0x000002527d8f0b90, 0x000002527f26b1e0, 0x000002527f1815e0, 0x000002527f293a20,
0x000002527f293ef0, 0x000002527f295bd0, 0x000002527f295230, 0x0000025201288a10,
0x0000025201288ee0, 0x0000025201287200, 0x0000025200e983c0, 0x00000252012859f0,
0x0000025201285ec0, 0x0000025201287ba0, 0x0000025201286d30, 0x0000025201282ea0,
0x0000025201288070, 0x0000025201286860, 0x0000025201283370, 0x00000252012876d0,
0x0000025201288540, 0x00000252012893b0, 0x0000025201289880, 0x0000025203bcd4d0,
0x0000025203bccab0, 0x000002527f50e4e0, 0x0000025203bcd9e0
}

Java Threads: ( => current thread )
  0x0000025260a6e770 JavaThread "main" [_thread_blocked, id=190204, stack(0x000000cc02e00000,0x000000cc02f00000)]
  0x000002527c071650 JavaThread "Reference Handler" daemon [_thread_blocked, id=190236, stack(0x000000cc03500000,0x000000cc03600000)]
  0x000002527c072110 JavaThread "Finalizer" daemon [_thread_blocked, id=190240, stack(0x000000cc03600000,0x000000cc03700000)]
  0x000002527c08c4b0 JavaThread "Signal Dispatcher" daemon [_thread_blocked, id=190248, stack(0x000000cc03700000,0x000000cc03800000)]
  0x000002527c08ed80 JavaThread "Attach Listener" daemon [_thread_blocked, id=190252, stack(0x000000cc03800000,0x000000cc03900000)]
  0x000002527c08f640 JavaThread "Service Thread" daemon [_thread_blocked, id=190256, stack(0x000000cc03900000,0x000000cc03a00000)]
  0x000002527c090f10 JavaThread "Monitor Deflation Thread" daemon [_thread_blocked, id=190260, stack(0x000000cc03a00000,0x000000cc03b00000)]
  0x000002527c091bb0 JavaThread "C2 CompilerThread0" daemon [_thread_in_native, id=190264, stack(0x000000cc03b00000,0x000000cc03c00000)]
  0x000002527c0ba230 JavaThread "C1 CompilerThread0" daemon [_thread_blocked, id=190268, stack(0x000000cc03c00000,0x000000cc03d00000)]
  0x000002527cc20040 JavaThread "Sweeper thread" daemon [_thread_blocked, id=190272, stack(0x000000cc03d00000,0x000000cc03e00000)]
  0x000002527c057cf0 JavaThread "Common-Cleaner" daemon [_thread_blocked, id=190276, stack(0x000000cc03e00000,0x000000cc03f00000)]
  0x000002527ce5c5f0 JavaThread "Notification Thread" daemon [_thread_blocked, id=86196, stack(0x000000cc04200000,0x000000cc04300000)]
  0x000002527d8f0b90 JavaThread "Daemon health stats" [_thread_blocked, id=180392, stack(0x000000cc04400000,0x000000cc04500000)]
  0x000002527f26b1e0 JavaThread "Incoming local TCP Connector on port 11791" [_thread_in_native, id=186484, stack(0x000000cc04500000,0x000000cc04600000)]
  0x000002527f1815e0 JavaThread "Daemon periodic checks" [_thread_blocked, id=184084, stack(0x000000cc04600000,0x000000cc04700000)]
  0x000002527f293a20 JavaThread "Cache worker for journal cache (C:\Users\sunwu\.gradle\caches\journal-1)" [_thread_blocked, id=185696, stack(0x000000cc05400000,0x000000cc05500000)]
  0x000002527f293ef0 JavaThread "File lock request listener" [_thread_in_native, id=185688, stack(0x000000cc05500000,0x000000cc05600000)]
  0x000002527f295bd0 JavaThread "Cache worker for file hash cache (C:\Users\sunwu\.gradle\caches\9.1.0\fileHashes)" [_thread_blocked, id=185680, stack(0x000000cc05600000,0x000000cc05700000)]
  0x000002527f295230 JavaThread "Cache worker for file content cache (C:\Users\sunwu\.gradle\caches\9.1.0\fileContent)" [_thread_blocked, id=188892, stack(0x000000cc06700000,0x000000cc06800000)]
  0x0000025201288a10 JavaThread "File watcher server" daemon [_thread_in_native, id=32032, stack(0x000000cc06600000,0x000000cc06700000)]
  0x0000025201288ee0 JavaThread "File watcher consumer" daemon [_thread_blocked, id=78160, stack(0x000000cc06800000,0x000000cc06900000)]
  0x0000025201287200 JavaThread "Memory manager" [_thread_blocked, id=186572, stack(0x000000cc06c00000,0x000000cc06d00000)]
  0x0000025200e983c0 JavaThread "Cache worker for Java compile cache (C:\Users\sunwu\.gradle\caches\9.1.0\javaCompile)" [_thread_blocked, id=185876, stack(0x000000cc07d00000,0x000000cc07e00000)]
  0x00000252012859f0 JavaThread "Daemon Thread 3" [_thread_blocked, id=185400, stack(0x000000cc02b00000,0x000000cc02c00000)]
  0x0000025201285ec0 JavaThread "Handler for socket connection from /127.0.0.1:11791 to /127.0.0.1:9564" [_thread_in_native, id=184508, stack(0x000000cc02c00000,0x000000cc02d00000)]
  0x0000025201287ba0 JavaThread "Cancel handler" [_thread_blocked, id=184468, stack(0x000000cc02d00000,0x000000cc02e00000)]
  0x0000025201286d30 JavaThread "Daemon worker Thread 3" [_thread_in_Java, id=151912, stack(0x000000cc03f00000,0x000000cc04000000)]
  0x0000025201282ea0 JavaThread "Asynchronous log dispatcher for DefaultDaemonConnection: socket connection from /127.0.0.1:11791 to /127.0.0.1:9564" [_thread_blocked, id=185848, stack(0x000000cc04000000,0x000000cc04100000)]
  0x0000025201288070 JavaThread "Stdin handler" [_thread_blocked, id=190396, stack(0x000000cc04100000,0x000000cc04200000)]
  0x0000025201286860 JavaThread "Daemon client event forwarder" [_thread_blocked, id=87008, stack(0x000000cc04c00000,0x000000cc04d00000)]
  0x0000025201283370 JavaThread "Cache worker for file hash cache (C:\Users\sunwu\Desktop\code\fernflower\.gradle\9.1.0\fileHashes)" [_thread_blocked, id=190908, stack(0x000000cc04d00000,0x000000cc04e00000)]
  0x00000252012876d0 JavaThread "Cache worker for checksums cache (C:\Users\sunwu\Desktop\code\fernflower\.gradle\9.1.0\checksums)" [_thread_blocked, id=193612, stack(0x000000cc04e00000,0x000000cc04f00000)]
  0x0000025201288540 JavaThread "Cache worker for Build Output Cleanup Cache (C:\Users\sunwu\Desktop\code\fernflower\.gradle\buildOutputCleanup)" [_thread_blocked, id=184420, stack(0x000000cc04f00000,0x000000cc05000000)]
  0x00000252012893b0 JavaThread "Cache worker for cache directory md-supplier (C:\Users\sunwu\.gradle\caches\9.1.0\md-supplier)" [_thread_blocked, id=183044, stack(0x000000cc05100000,0x000000cc05200000)]
  0x0000025201289880 JavaThread "Cache worker for cache directory md-rule (C:\Users\sunwu\.gradle\caches\9.1.0\md-rule)" [_thread_blocked, id=137268, stack(0x000000cc05200000,0x000000cc05300000)]
=>0x0000025203bcd4d0 JavaThread "C2 CompilerThread1" daemon [_thread_in_native, id=193028, stack(0x000000cc05000000,0x000000cc05100000)]
  0x0000025203bccab0 JavaThread "C1 CompilerThread1" daemon [_thread_blocked, id=193592, stack(0x000000cc05300000,0x000000cc05400000)]
  0x000002527f50e4e0 JavaThread "C2 CompilerThread2" daemon [_thread_blocked, id=183940, stack(0x000000cc05700000,0x000000cc05800000)]
  0x0000025203bcd9e0 JavaThread "C2 CompilerThread3" daemon [_thread_in_vm, id=183120, stack(0x000000cc06100000,0x000000cc06200000)]

Other Threads:
  0x000002527c06ecb0 VMThread "VM Thread" [stack: 0x000000cc03400000,0x000000cc03500000] [id=190232]
  0x0000025260ab5600 WatcherThread [stack: 0x000000cc04300000,0x000000cc04400000] [id=45468]
  0x0000025260a9e520 GCTaskThread "GC Thread#0" [stack: 0x000000cc02f00000,0x000000cc03000000] [id=190208]
  0x000002527d410240 GCTaskThread "GC Thread#1" [stack: 0x000000cc04700000,0x000000cc04800000] [id=111096]
  0x000002527d4d0810 GCTaskThread "GC Thread#2" [stack: 0x000000cc04800000,0x000000cc04900000] [id=83484]
  0x000002527cea1540 GCTaskThread "GC Thread#3" [stack: 0x000000cc04900000,0x000000cc04a00000] [id=83944]
  0x000002527d7fe930 GCTaskThread "GC Thread#4" [stack: 0x000000cc04a00000,0x000000cc04b00000] [id=40264]
  0x000002527d7febe0 GCTaskThread "GC Thread#5" [stack: 0x000000cc04b00000,0x000000cc04c00000] [id=62388]
  0x0000025201212130 GCTaskThread "GC Thread#6" [stack: 0x000000cc05800000,0x000000cc05900000] [id=185964]
  0x0000025201213150 GCTaskThread "GC Thread#7" [stack: 0x000000cc05900000,0x000000cc05a00000] [id=89784]
  0x0000025201212690 GCTaskThread "GC Thread#8" [stack: 0x000000cc05a00000,0x000000cc05b00000] [id=184552]
  0x0000025201213960 GCTaskThread "GC Thread#9" [stack: 0x000000cc05b00000,0x000000cc05c00000] [id=190468]
  0x00000252012123e0 GCTaskThread "GC Thread#10" [stack: 0x000000cc05c00000,0x000000cc05d00000] [id=190472]
  0x0000025201212bf0 GCTaskThread "GC Thread#11" [stack: 0x000000cc05d00000,0x000000cc05e00000] [id=190476]
  0x0000025201213400 GCTaskThread "GC Thread#12" [stack: 0x000000cc05e00000,0x000000cc05f00000] [id=190480]
  0x0000025260aa4230 ConcurrentGCThread "G1 Main Marker" [stack: 0x000000cc03000000,0x000000cc03100000] [id=190216]
  0x0000025260aa49f0 ConcurrentGCThread "G1 Conc#0" [stack: 0x000000cc03100000,0x000000cc03200000] [id=190220]
  0x0000025201213c10 ConcurrentGCThread "G1 Conc#1" [stack: 0x000000cc05f00000,0x000000cc06000000] [id=190484]
  0x0000025201212ea0 ConcurrentGCThread "G1 Conc#2" [stack: 0x000000cc06000000,0x000000cc06100000] [id=190488]
  0x000002527bf28180 ConcurrentGCThread "G1 Refine#0" [stack: 0x000000cc03200000,0x000000cc03300000] [id=190224]
  0x000002527bf28950 ConcurrentGCThread "G1 Service" [stack: 0x000000cc03300000,0x000000cc03400000] [id=190228]

Threads with active compile tasks:
C2 CompilerThread0  2151738 7265   !   4       java.net.URLClassLoader$1::run (81 bytes)
C2 CompilerThread1  2151738 7264       4       java.net.URLClassLoader$1::run (5 bytes)
C2 CompilerThread3  2151738 7445   !   4       java.net.URLClassLoader::findClass (47 bytes)

VM state: not at safepoint (normal execution)

VM Mutex/Monitor currently owned by a thread: None

Heap address: 0x00000000e0000000, size: 512 MB, Compressed Oops mode: 32-bit

CDS archive(s) mapped at: [0x0000000800000000-0x0000000800bc0000-0x0000000800bc0000), size 12320768, SharedBaseAddress: 0x0000000800000000, ArchiveRelocationMode: 0.
Compressed class space mapped at: 0x0000000800c00000-0x0000000814000000, reserved size: 322961408
Narrow klass base: 0x0000000800000000, Narrow klass shift: 0, Narrow klass range: 0x100000000

GC Precious Log:
 CPUs: 16 total, 16 available
 Memory: 65486M
 Large Page Support: Disabled
 NUMA Support: Disabled
 Compressed Oops: Enabled (32-bit)
 Heap Region Size: 1M
 Heap Min Capacity: 256M
 Heap Initial Capacity: 256M
 Heap Max Capacity: 512M
 Pre-touch: Disabled
 Parallel Workers: 13
 Concurrent Workers: 3
 Concurrent Refinement Workers: 13
 Periodic GC: Disabled

Heap:
 garbage-first heap   total 262144K, used 81374K [0x00000000e0000000, 0x0000000100000000)
  region size 1024K, 48 young (49152K), 4 survivors (4096K)
 Metaspace       used 65625K, committed 66176K, reserved 372736K
  class space    used 9388K, committed 9600K, reserved 315392K

Heap Regions: E=young(eden), S=young(survivor), O=old, HS=humongous(starts), HC=humongous(continues), CS=collection set, F=free, OA=open archive, CA=closed archive, TAMS=top-at-mark-start (previous, next)
|   0|0x00000000e0000000, 0x00000000e0100000, 0x00000000e0100000|100%|HS|  |TAMS 0x00000000e0100000, 0x00000000e0000000| Complete 
|   1|0x00000000e0100000, 0x00000000e0200000, 0x00000000e0200000|100%|HC|  |TAMS 0x00000000e0200000, 0x00000000e0100000| Complete 
|   2|0x00000000e0200000, 0x00000000e0300000, 0x00000000e0300000|100%|HC|  |TAMS 0x00000000e0300000, 0x00000000e0200000| Complete 
|   3|0x00000000e0300000, 0x00000000e0400000, 0x00000000e0400000|100%| O|  |TAMS 0x00000000e0400000, 0x00000000e0300000| Untracked 
|   4|0x00000000e0400000, 0x00000000e0500000, 0x00000000e0500000|100%| O|  |TAMS 0x00000000e0500000, 0x00000000e0400000| Untracked 
|   5|0x00000000e0500000, 0x00000000e0600000, 0x00000000e0600000|100%| O|  |TAMS 0x00000000e0600000, 0x00000000e0500000| Untracked 
|   6|0x00000000e0600000, 0x00000000e0700000, 0x00000000e0700000|100%|HS|  |TAMS 0x00000000e0700000, 0x00000000e0600000| Complete 
|   7|0x00000000e0700000, 0x00000000e0800000, 0x00000000e0800000|100%| O|  |TAMS 0x00000000e0800000, 0x00000000e0700000| Untracked 
|   8|0x00000000e0800000, 0x00000000e0900000, 0x00000000e0900000|100%| O|  |TAMS 0x00000000e0900000, 0x00000000e0800000| Untracked 
|   9|0x00000000e0900000, 0x00000000e0a00000, 0x00000000e0a00000|100%| O|  |TAMS 0x00000000e0a00000, 0x00000000e0900000| Untracked 
|  10|0x00000000e0a00000, 0x00000000e0b00000, 0x00000000e0b00000|100%| O|  |TAMS 0x00000000e0b00000, 0x00000000e0a00000| Untracked 
|  11|0x00000000e0b00000, 0x00000000e0c00000, 0x00000000e0c00000|100%| O|  |TAMS 0x00000000e0c00000, 0x00000000e0b00000| Untracked 
|  12|0x00000000e0c00000, 0x00000000e0d00000, 0x00000000e0d00000|100%| O|  |TAMS 0x00000000e0d00000, 0x00000000e0c00000| Untracked 
|  13|0x00000000e0d00000, 0x00000000e0e00000, 0x00000000e0e00000|100%| O|  |TAMS 0x00000000e0e00000, 0x00000000e0d00000| Untracked 
|  14|0x00000000e0e00000, 0x00000000e0f00000, 0x00000000e0f00000|100%| O|  |TAMS 0x00000000e0f00000, 0x00000000e0e00000| Untracked 
|  15|0x00000000e0f00000, 0x00000000e1000000, 0x00000000e1000000|100%| O|  |TAMS 0x00000000e1000000, 0x00000000e0f00000| Untracked 
|  16|0x00000000e1000000, 0x00000000e1100000, 0x00000000e1100000|100%| O|  |TAMS 0x00000000e1100000, 0x00000000e1000000| Untracked 
|  17|0x00000000e1100000, 0x00000000e1200000, 0x00000000e1200000|100%| O|  |TAMS 0x00000000e1200000, 0x00000000e1100000| Untracked 
|  18|0x00000000e1200000, 0x00000000e1300000, 0x00000000e1300000|100%| O|  |TAMS 0x00000000e1300000, 0x00000000e1200000| Untracked 
|  19|0x00000000e1300000, 0x00000000e1400000, 0x00000000e1400000|100%| O|  |TAMS 0x00000000e1400000, 0x00000000e1300000| Untracked 
|  20|0x00000000e1400000, 0x00000000e1500000, 0x00000000e1500000|100%| O|  |TAMS 0x00000000e1500000, 0x00000000e1400000| Untracked 
|  21|0x00000000e1500000, 0x00000000e1500000, 0x00000000e1600000|  0%| F|  |TAMS 0x00000000e1500000, 0x00000000e1500000| Untracked 
|  22|0x00000000e1600000, 0x00000000e1700000, 0x00000000e1700000|100%| O|  |TAMS 0x00000000e1700000, 0x00000000e1600000| Untracked 
|  23|0x00000000e1700000, 0x00000000e1800000, 0x00000000e1800000|100%| O|  |TAMS 0x00000000e1800000, 0x00000000e1700000| Untracked 
|  24|0x00000000e1800000, 0x00000000e1900000, 0x00000000e1900000|100%| O|  |TAMS 0x00000000e1900000, 0x00000000e1800000| Untracked 
|  25|0x00000000e1900000, 0x00000000e1a00000, 0x00000000e1a00000|100%| O|  |TAMS 0x00000000e1a00000, 0x00000000e1900000| Untracked 
|  26|0x00000000e1a00000, 0x00000000e1b00000, 0x00000000e1b00000|100%| O|  |TAMS 0x00000000e1b00000, 0x00000000e1a00000| Untracked 
|  27|0x00000000e1b00000, 0x00000000e1c00000, 0x00000000e1c00000|100%| O|  |TAMS 0x00000000e1c00000, 0x00000000e1b00000| Untracked 
|  28|0x00000000e1c00000, 0x00000000e1d00000, 0x00000000e1d00000|100%| O|  |TAMS 0x00000000e1d00000, 0x00000000e1c00000| Complete 
|  29|0x00000000e1d00000, 0x00000000e1e00000, 0x00000000e1e00000|100%| O|  |TAMS 0x00000000e1e00000, 0x00000000e1d00000| Untracked 
|  30|0x00000000e1e00000, 0x00000000e1f00000, 0x00000000e1f00000|100%| O|  |TAMS 0x00000000e1f00000, 0x00000000e1e00000| Untracked 
|  31|0x00000000e1f00000, 0x00000000e2000000, 0x00000000e2000000|100%| O|  |TAMS 0x00000000e2000000, 0x00000000e1f00000| Untracked 
|  32|0x00000000e2000000, 0x00000000e2100000, 0x00000000e2100000|100%| O|  |TAMS 0x00000000e2100000, 0x00000000e2000000| Untracked 
|  33|0x00000000e2100000, 0x00000000e21c9600, 0x00000000e2200000| 78%| O|  |TAMS 0x00000000e21c9600, 0x00000000e2100000| Untracked 
|  34|0x00000000e2200000, 0x00000000e2200000, 0x00000000e2300000|  0%| F|  |TAMS 0x00000000e2200000, 0x00000000e2200000| Untracked 
|  35|0x00000000e2300000, 0x00000000e2300000, 0x00000000e2400000|  0%| F|  |TAMS 0x00000000e2300000, 0x00000000e2300000| Untracked 
|  36|0x00000000e2400000, 0x00000000e2400000, 0x00000000e2500000|  0%| F|  |TAMS 0x00000000e2400000, 0x00000000e2400000| Untracked 
|  37|0x00000000e2500000, 0x00000000e2500000, 0x00000000e2600000|  0%| F|  |TAMS 0x00000000e2500000, 0x00000000e2500000| Untracked 
|  38|0x00000000e2600000, 0x00000000e2600000, 0x00000000e2700000|  0%| F|  |TAMS 0x00000000e2600000, 0x00000000e2600000| Untracked 
|  39|0x00000000e2700000, 0x00000000e2700000, 0x00000000e2800000|  0%| F|  |TAMS 0x00000000e2700000, 0x00000000e2700000| Untracked 
|  40|0x00000000e2800000, 0x00000000e2800000, 0x00000000e2900000|  0%| F|  |TAMS 0x00000000e2800000, 0x00000000e2800000| Untracked 
|  41|0x00000000e2900000, 0x00000000e2900000, 0x00000000e2a00000|  0%| F|  |TAMS 0x00000000e2900000, 0x00000000e2900000| Untracked 
|  42|0x00000000e2a00000, 0x00000000e2a00000, 0x00000000e2b00000|  0%| F|  |TAMS 0x00000000e2a00000, 0x00000000e2a00000| Untracked 
|  43|0x00000000e2b00000, 0x00000000e2b00000, 0x00000000e2c00000|  0%| F|  |TAMS 0x00000000e2b00000, 0x00000000e2b00000| Untracked 
|  44|0x00000000e2c00000, 0x00000000e2c00000, 0x00000000e2d00000|  0%| F|  |TAMS 0x00000000e2c00000, 0x00000000e2c00000| Untracked 
|  45|0x00000000e2d00000, 0x00000000e2d00000, 0x00000000e2e00000|  0%| F|  |TAMS 0x00000000e2d00000, 0x00000000e2d00000| Untracked 
|  46|0x00000000e2e00000, 0x00000000e2e00000, 0x00000000e2f00000|  0%| F|  |TAMS 0x00000000e2e00000, 0x00000000e2e00000| Untracked 
|  47|0x00000000e2f00000, 0x00000000e2f00000, 0x00000000e3000000|  0%| F|  |TAMS 0x00000000e2f00000, 0x00000000e2f00000| Untracked 
|  48|0x00000000e3000000, 0x00000000e3000000, 0x00000000e3100000|  0%| F|  |TAMS 0x00000000e3000000, 0x00000000e3000000| Untracked 
|  49|0x00000000e3100000, 0x00000000e3100000, 0x00000000e3200000|  0%| F|  |TAMS 0x00000000e3100000, 0x00000000e3100000| Untracked 
|  50|0x00000000e3200000, 0x00000000e3200000, 0x00000000e3300000|  0%| F|  |TAMS 0x00000000e3200000, 0x00000000e3200000| Untracked 
|  51|0x00000000e3300000, 0x00000000e3300000, 0x00000000e3400000|  0%| F|  |TAMS 0x00000000e3300000, 0x00000000e3300000| Untracked 
|  52|0x00000000e3400000, 0x00000000e3400000, 0x00000000e3500000|  0%| F|  |TAMS 0x00000000e3400000, 0x00000000e3400000| Untracked 
|  53|0x00000000e3500000, 0x00000000e3500000, 0x00000000e3600000|  0%| F|  |TAMS 0x00000000e3500000, 0x00000000e3500000| Untracked 
|  54|0x00000000e3600000, 0x00000000e3600000, 0x00000000e3700000|  0%| F|  |TAMS 0x00000000e3600000, 0x00000000e3600000| Untracked 
|  55|0x00000000e3700000, 0x00000000e3700000, 0x00000000e3800000|  0%| F|  |TAMS 0x00000000e3700000, 0x00000000e3700000| Untracked 
|  56|0x00000000e3800000, 0x00000000e3800000, 0x00000000e3900000|  0%| F|  |TAMS 0x00000000e3800000, 0x00000000e3800000| Untracked 
|  57|0x00000000e3900000, 0x00000000e3900000, 0x00000000e3a00000|  0%| F|  |TAMS 0x00000000e3900000, 0x00000000e3900000| Untracked 
|  58|0x00000000e3a00000, 0x00000000e3a00000, 0x00000000e3b00000|  0%| F|  |TAMS 0x00000000e3a00000, 0x00000000e3a00000| Untracked 
|  59|0x00000000e3b00000, 0x00000000e3b00000, 0x00000000e3c00000|  0%| F|  |TAMS 0x00000000e3b00000, 0x00000000e3b00000| Untracked 
|  60|0x00000000e3c00000, 0x00000000e3c00000, 0x00000000e3d00000|  0%| F|  |TAMS 0x00000000e3c00000, 0x00000000e3c00000| Untracked 
|  61|0x00000000e3d00000, 0x00000000e3d00000, 0x00000000e3e00000|  0%| F|  |TAMS 0x00000000e3d00000, 0x00000000e3d00000| Untracked 
|  62|0x00000000e3e00000, 0x00000000e3e00000, 0x00000000e3f00000|  0%| F|  |TAMS 0x00000000e3e00000, 0x00000000e3e00000| Untracked 
|  63|0x00000000e3f00000, 0x00000000e3f00000, 0x00000000e4000000|  0%| F|  |TAMS 0x00000000e3f00000, 0x00000000e3f00000| Untracked 
|  64|0x00000000e4000000, 0x00000000e4000000, 0x00000000e4100000|  0%| F|  |TAMS 0x00000000e4000000, 0x00000000e4000000| Untracked 
|  65|0x00000000e4100000, 0x00000000e4100000, 0x00000000e4200000|  0%| F|  |TAMS 0x00000000e4100000, 0x00000000e4100000| Untracked 
|  66|0x00000000e4200000, 0x00000000e4200000, 0x00000000e4300000|  0%| F|  |TAMS 0x00000000e4200000, 0x00000000e4200000| Untracked 
|  67|0x00000000e4300000, 0x00000000e4300000, 0x00000000e4400000|  0%| F|  |TAMS 0x00000000e4300000, 0x00000000e4300000| Untracked 
|  68|0x00000000e4400000, 0x00000000e4400000, 0x00000000e4500000|  0%| F|  |TAMS 0x00000000e4400000, 0x00000000e4400000| Untracked 
|  69|0x00000000e4500000, 0x00000000e4500000, 0x00000000e4600000|  0%| F|  |TAMS 0x00000000e4500000, 0x00000000e4500000| Untracked 
|  70|0x00000000e4600000, 0x00000000e4600000, 0x00000000e4700000|  0%| F|  |TAMS 0x00000000e4600000, 0x00000000e4600000| Untracked 
|  71|0x00000000e4700000, 0x00000000e4700000, 0x00000000e4800000|  0%| F|  |TAMS 0x00000000e4700000, 0x00000000e4700000| Untracked 
|  72|0x00000000e4800000, 0x00000000e4800000, 0x00000000e4900000|  0%| F|  |TAMS 0x00000000e4800000, 0x00000000e4800000| Untracked 
|  73|0x00000000e4900000, 0x00000000e4900000, 0x00000000e4a00000|  0%| F|  |TAMS 0x00000000e4900000, 0x00000000e4900000| Untracked 
|  74|0x00000000e4a00000, 0x00000000e4a00000, 0x00000000e4b00000|  0%| F|  |TAMS 0x00000000e4a00000, 0x00000000e4a00000| Untracked 
|  75|0x00000000e4b00000, 0x00000000e4b00000, 0x00000000e4c00000|  0%| F|  |TAMS 0x00000000e4b00000, 0x00000000e4b00000| Untracked 
|  76|0x00000000e4c00000, 0x00000000e4c00000, 0x00000000e4d00000|  0%| F|  |TAMS 0x00000000e4c00000, 0x00000000e4c00000| Untracked 
|  77|0x00000000e4d00000, 0x00000000e4d00000, 0x00000000e4e00000|  0%| F|  |TAMS 0x00000000e4d00000, 0x00000000e4d00000| Untracked 
|  78|0x00000000e4e00000, 0x00000000e4e00000, 0x00000000e4f00000|  0%| F|  |TAMS 0x00000000e4e00000, 0x00000000e4e00000| Untracked 
|  79|0x00000000e4f00000, 0x00000000e4f00000, 0x00000000e5000000|  0%| F|  |TAMS 0x00000000e4f00000, 0x00000000e4f00000| Untracked 
|  80|0x00000000e5000000, 0x00000000e5000000, 0x00000000e5100000|  0%| F|  |TAMS 0x00000000e5000000, 0x00000000e5000000| Untracked 
|  81|0x00000000e5100000, 0x00000000e5100000, 0x00000000e5200000|  0%| F|  |TAMS 0x00000000e5100000, 0x00000000e5100000| Untracked 
|  82|0x00000000e5200000, 0x00000000e5200000, 0x00000000e5300000|  0%| F|  |TAMS 0x00000000e5200000, 0x00000000e5200000| Untracked 
|  83|0x00000000e5300000, 0x00000000e5300000, 0x00000000e5400000|  0%| F|  |TAMS 0x00000000e5300000, 0x00000000e5300000| Untracked 
|  84|0x00000000e5400000, 0x00000000e5400000, 0x00000000e5500000|  0%| F|  |TAMS 0x00000000e5400000, 0x00000000e5400000| Untracked 
|  85|0x00000000e5500000, 0x00000000e5500000, 0x00000000e5600000|  0%| F|  |TAMS 0x00000000e5500000, 0x00000000e5500000| Untracked 
|  86|0x00000000e5600000, 0x00000000e5600000, 0x00000000e5700000|  0%| F|  |TAMS 0x00000000e5600000, 0x00000000e5600000| Untracked 
|  87|0x00000000e5700000, 0x00000000e5700000, 0x00000000e5800000|  0%| F|  |TAMS 0x00000000e5700000, 0x00000000e5700000| Untracked 
|  88|0x00000000e5800000, 0x00000000e5800000, 0x00000000e5900000|  0%| F|  |TAMS 0x00000000e5800000, 0x00000000e5800000| Untracked 
|  89|0x00000000e5900000, 0x00000000e5900000, 0x00000000e5a00000|  0%| F|  |TAMS 0x00000000e5900000, 0x00000000e5900000| Untracked 
|  90|0x00000000e5a00000, 0x00000000e5a00000, 0x00000000e5b00000|  0%| F|  |TAMS 0x00000000e5a00000, 0x00000000e5a00000| Untracked 
|  91|0x00000000e5b00000, 0x00000000e5b00000, 0x00000000e5c00000|  0%| F|  |TAMS 0x00000000e5b00000, 0x00000000e5b00000| Untracked 
|  92|0x00000000e5c00000, 0x00000000e5c00000, 0x00000000e5d00000|  0%| F|  |TAMS 0x00000000e5c00000, 0x00000000e5c00000| Untracked 
|  93|0x00000000e5d00000, 0x00000000e5d00000, 0x00000000e5e00000|  0%| F|  |TAMS 0x00000000e5d00000, 0x00000000e5d00000| Untracked 
|  94|0x00000000e5e00000, 0x00000000e5e00000, 0x00000000e5f00000|  0%| F|  |TAMS 0x00000000e5e00000, 0x00000000e5e00000| Untracked 
|  95|0x00000000e5f00000, 0x00000000e5f00000, 0x00000000e6000000|  0%| F|  |TAMS 0x00000000e5f00000, 0x00000000e5f00000| Untracked 
|  96|0x00000000e6000000, 0x00000000e6000000, 0x00000000e6100000|  0%| F|  |TAMS 0x00000000e6000000, 0x00000000e6000000| Untracked 
|  97|0x00000000e6100000, 0x00000000e6100000, 0x00000000e6200000|  0%| F|  |TAMS 0x00000000e6100000, 0x00000000e6100000| Untracked 
|  98|0x00000000e6200000, 0x00000000e6200000, 0x00000000e6300000|  0%| F|  |TAMS 0x00000000e6200000, 0x00000000e6200000| Untracked 
|  99|0x00000000e6300000, 0x00000000e6300000, 0x00000000e6400000|  0%| F|  |TAMS 0x00000000e6300000, 0x00000000e6300000| Untracked 
| 100|0x00000000e6400000, 0x00000000e6400000, 0x00000000e6500000|  0%| F|  |TAMS 0x00000000e6400000, 0x00000000e6400000| Untracked 
| 101|0x00000000e6500000, 0x00000000e6500000, 0x00000000e6600000|  0%| F|  |TAMS 0x00000000e6500000, 0x00000000e6500000| Untracked 
| 102|0x00000000e6600000, 0x00000000e6600000, 0x00000000e6700000|  0%| F|  |TAMS 0x00000000e6600000, 0x00000000e6600000| Untracked 
| 103|0x00000000e6700000, 0x00000000e6700000, 0x00000000e6800000|  0%| F|  |TAMS 0x00000000e6700000, 0x00000000e6700000| Untracked 
| 104|0x00000000e6800000, 0x00000000e6800000, 0x00000000e6900000|  0%| F|  |TAMS 0x00000000e6800000, 0x00000000e6800000| Untracked 
| 105|0x00000000e6900000, 0x00000000e6900000, 0x00000000e6a00000|  0%| F|  |TAMS 0x00000000e6900000, 0x00000000e6900000| Untracked 
| 106|0x00000000e6a00000, 0x00000000e6a00000, 0x00000000e6b00000|  0%| F|  |TAMS 0x00000000e6a00000, 0x00000000e6a00000| Untracked 
| 107|0x00000000e6b00000, 0x00000000e6b00000, 0x00000000e6c00000|  0%| F|  |TAMS 0x00000000e6b00000, 0x00000000e6b00000| Untracked 
| 108|0x00000000e6c00000, 0x00000000e6c00000, 0x00000000e6d00000|  0%| F|  |TAMS 0x00000000e6c00000, 0x00000000e6c00000| Untracked 
| 109|0x00000000e6d00000, 0x00000000e6d00000, 0x00000000e6e00000|  0%| F|  |TAMS 0x00000000e6d00000, 0x00000000e6d00000| Untracked 
| 110|0x00000000e6e00000, 0x00000000e6e00000, 0x00000000e6f00000|  0%| F|  |TAMS 0x00000000e6e00000, 0x00000000e6e00000| Untracked 
| 111|0x00000000e6f00000, 0x00000000e6f00000, 0x00000000e7000000|  0%| F|  |TAMS 0x00000000e6f00000, 0x00000000e6f00000| Untracked 
| 112|0x00000000e7000000, 0x00000000e7000000, 0x00000000e7100000|  0%| F|  |TAMS 0x00000000e7000000, 0x00000000e7000000| Untracked 
| 113|0x00000000e7100000, 0x00000000e7100000, 0x00000000e7200000|  0%| F|  |TAMS 0x00000000e7100000, 0x00000000e7100000| Untracked 
| 114|0x00000000e7200000, 0x00000000e7200000, 0x00000000e7300000|  0%| F|  |TAMS 0x00000000e7200000, 0x00000000e7200000| Untracked 
| 115|0x00000000e7300000, 0x00000000e7300000, 0x00000000e7400000|  0%| F|  |TAMS 0x00000000e7300000, 0x00000000e7300000| Untracked 
| 116|0x00000000e7400000, 0x00000000e7400000, 0x00000000e7500000|  0%| F|  |TAMS 0x00000000e7400000, 0x00000000e7400000| Untracked 
| 117|0x00000000e7500000, 0x00000000e7500000, 0x00000000e7600000|  0%| F|  |TAMS 0x00000000e7500000, 0x00000000e7500000| Untracked 
| 118|0x00000000e7600000, 0x00000000e7600000, 0x00000000e7700000|  0%| F|  |TAMS 0x00000000e7600000, 0x00000000e7600000| Untracked 
| 119|0x00000000e7700000, 0x00000000e7700000, 0x00000000e7800000|  0%| F|  |TAMS 0x00000000e7700000, 0x00000000e7700000| Untracked 
| 120|0x00000000e7800000, 0x00000000e7800000, 0x00000000e7900000|  0%| F|  |TAMS 0x00000000e7800000, 0x00000000e7800000| Untracked 
| 121|0x00000000e7900000, 0x00000000e7900000, 0x00000000e7a00000|  0%| F|  |TAMS 0x00000000e7900000, 0x00000000e7900000| Untracked 
| 122|0x00000000e7a00000, 0x00000000e7a00000, 0x00000000e7b00000|  0%| F|  |TAMS 0x00000000e7a00000, 0x00000000e7a00000| Untracked 
| 123|0x00000000e7b00000, 0x00000000e7b00000, 0x00000000e7c00000|  0%| F|  |TAMS 0x00000000e7b00000, 0x00000000e7b00000| Untracked 
| 124|0x00000000e7c00000, 0x00000000e7c00000, 0x00000000e7d00000|  0%| F|  |TAMS 0x00000000e7c00000, 0x00000000e7c00000| Untracked 
| 125|0x00000000e7d00000, 0x00000000e7d00000, 0x00000000e7e00000|  0%| F|  |TAMS 0x00000000e7d00000, 0x00000000e7d00000| Untracked 
| 126|0x00000000e7e00000, 0x00000000e7e00000, 0x00000000e7f00000|  0%| F|  |TAMS 0x00000000e7e00000, 0x00000000e7e00000| Untracked 
| 127|0x00000000e7f00000, 0x00000000e7f00000, 0x00000000e8000000|  0%| F|  |TAMS 0x00000000e7f00000, 0x00000000e7f00000| Untracked 
| 128|0x00000000e8000000, 0x00000000e8000000, 0x00000000e8100000|  0%| F|  |TAMS 0x00000000e8000000, 0x00000000e8000000| Untracked 
| 129|0x00000000e8100000, 0x00000000e8100000, 0x00000000e8200000|  0%| F|  |TAMS 0x00000000e8100000, 0x00000000e8100000| Untracked 
| 130|0x00000000e8200000, 0x00000000e8200000, 0x00000000e8300000|  0%| F|  |TAMS 0x00000000e8200000, 0x00000000e8200000| Untracked 
| 131|0x00000000e8300000, 0x00000000e8300000, 0x00000000e8400000|  0%| F|  |TAMS 0x00000000e8300000, 0x00000000e8300000| Untracked 
| 132|0x00000000e8400000, 0x00000000e8400000, 0x00000000e8500000|  0%| F|  |TAMS 0x00000000e8400000, 0x00000000e8400000| Untracked 
| 133|0x00000000e8500000, 0x00000000e8500000, 0x00000000e8600000|  0%| F|  |TAMS 0x00000000e8500000, 0x00000000e8500000| Untracked 
| 134|0x00000000e8600000, 0x00000000e8600000, 0x00000000e8700000|  0%| F|  |TAMS 0x00000000e8600000, 0x00000000e8600000| Untracked 
| 135|0x00000000e8700000, 0x00000000e8700000, 0x00000000e8800000|  0%| F|  |TAMS 0x00000000e8700000, 0x00000000e8700000| Untracked 
| 136|0x00000000e8800000, 0x00000000e8800000, 0x00000000e8900000|  0%| F|  |TAMS 0x00000000e8800000, 0x00000000e8800000| Untracked 
| 137|0x00000000e8900000, 0x00000000e8900000, 0x00000000e8a00000|  0%| F|  |TAMS 0x00000000e8900000, 0x00000000e8900000| Untracked 
| 138|0x00000000e8a00000, 0x00000000e8aae448, 0x00000000e8b00000| 68%| S|CS|TAMS 0x00000000e8a00000, 0x00000000e8a00000| Complete 
| 139|0x00000000e8b00000, 0x00000000e8c00000, 0x00000000e8c00000|100%| S|CS|TAMS 0x00000000e8b00000, 0x00000000e8b00000| Complete 
| 140|0x00000000e8c00000, 0x00000000e8d00000, 0x00000000e8d00000|100%| S|CS|TAMS 0x00000000e8c00000, 0x00000000e8c00000| Complete 
| 141|0x00000000e8d00000, 0x00000000e8e00000, 0x00000000e8e00000|100%| S|CS|TAMS 0x00000000e8d00000, 0x00000000e8d00000| Complete 
| 142|0x00000000e8e00000, 0x00000000e8e00000, 0x00000000e8f00000|  0%| F|  |TAMS 0x00000000e8e00000, 0x00000000e8e00000| Untracked 
| 143|0x00000000e8f00000, 0x00000000e8f00000, 0x00000000e9000000|  0%| F|  |TAMS 0x00000000e8f00000, 0x00000000e8f00000| Untracked 
| 144|0x00000000e9000000, 0x00000000e9000000, 0x00000000e9100000|  0%| F|  |TAMS 0x00000000e9000000, 0x00000000e9000000| Untracked 
| 145|0x00000000e9100000, 0x00000000e9100000, 0x00000000e9200000|  0%| F|  |TAMS 0x00000000e9100000, 0x00000000e9100000| Untracked 
| 146|0x00000000e9200000, 0x00000000e9200000, 0x00000000e9300000|  0%| F|  |TAMS 0x00000000e9200000, 0x00000000e9200000| Untracked 
| 147|0x00000000e9300000, 0x00000000e9300000, 0x00000000e9400000|  0%| F|  |TAMS 0x00000000e9300000, 0x00000000e9300000| Untracked 
| 148|0x00000000e9400000, 0x00000000e9400000, 0x00000000e9500000|  0%| F|  |TAMS 0x00000000e9400000, 0x00000000e9400000| Untracked 
| 149|0x00000000e9500000, 0x00000000e9500000, 0x00000000e9600000|  0%| F|  |TAMS 0x00000000e9500000, 0x00000000e9500000| Untracked 
| 150|0x00000000e9600000, 0x00000000e9600000, 0x00000000e9700000|  0%| F|  |TAMS 0x00000000e9600000, 0x00000000e9600000| Untracked 
| 151|0x00000000e9700000, 0x00000000e9700000, 0x00000000e9800000|  0%| F|  |TAMS 0x00000000e9700000, 0x00000000e9700000| Untracked 
| 152|0x00000000e9800000, 0x00000000e9800000, 0x00000000e9900000|  0%| F|  |TAMS 0x00000000e9800000, 0x00000000e9800000| Untracked 
| 153|0x00000000e9900000, 0x00000000e9900000, 0x00000000e9a00000|  0%| F|  |TAMS 0x00000000e9900000, 0x00000000e9900000| Untracked 
| 154|0x00000000e9a00000, 0x00000000e9a00000, 0x00000000e9b00000|  0%| F|  |TAMS 0x00000000e9a00000, 0x00000000e9a00000| Untracked 
| 155|0x00000000e9b00000, 0x00000000e9b00000, 0x00000000e9c00000|  0%| F|  |TAMS 0x00000000e9b00000, 0x00000000e9b00000| Untracked 
| 156|0x00000000e9c00000, 0x00000000e9c00000, 0x00000000e9d00000|  0%| F|  |TAMS 0x00000000e9c00000, 0x00000000e9c00000| Untracked 
| 157|0x00000000e9d00000, 0x00000000e9d00000, 0x00000000e9e00000|  0%| F|  |TAMS 0x00000000e9d00000, 0x00000000e9d00000| Untracked 
| 158|0x00000000e9e00000, 0x00000000e9e00000, 0x00000000e9f00000|  0%| F|  |TAMS 0x00000000e9e00000, 0x00000000e9e00000| Untracked 
| 159|0x00000000e9f00000, 0x00000000e9f00000, 0x00000000ea000000|  0%| F|  |TAMS 0x00000000e9f00000, 0x00000000e9f00000| Untracked 
| 160|0x00000000ea000000, 0x00000000ea000000, 0x00000000ea100000|  0%| F|  |TAMS 0x00000000ea000000, 0x00000000ea000000| Untracked 
| 161|0x00000000ea100000, 0x00000000ea100000, 0x00000000ea200000|  0%| F|  |TAMS 0x00000000ea100000, 0x00000000ea100000| Untracked 
| 162|0x00000000ea200000, 0x00000000ea200000, 0x00000000ea300000|  0%| F|  |TAMS 0x00000000ea200000, 0x00000000ea200000| Untracked 
| 163|0x00000000ea300000, 0x00000000ea300000, 0x00000000ea400000|  0%| F|  |TAMS 0x00000000ea300000, 0x00000000ea300000| Untracked 
| 164|0x00000000ea400000, 0x00000000ea400000, 0x00000000ea500000|  0%| F|  |TAMS 0x00000000ea400000, 0x00000000ea400000| Untracked 
| 165|0x00000000ea500000, 0x00000000ea500000, 0x00000000ea600000|  0%| F|  |TAMS 0x00000000ea500000, 0x00000000ea500000| Untracked 
| 166|0x00000000ea600000, 0x00000000ea600000, 0x00000000ea700000|  0%| F|  |TAMS 0x00000000ea600000, 0x00000000ea600000| Untracked 
| 167|0x00000000ea700000, 0x00000000ea700000, 0x00000000ea800000|  0%| F|  |TAMS 0x00000000ea700000, 0x00000000ea700000| Untracked 
| 168|0x00000000ea800000, 0x00000000ea800000, 0x00000000ea900000|  0%| F|  |TAMS 0x00000000ea800000, 0x00000000ea800000| Untracked 
| 169|0x00000000ea900000, 0x00000000ea900000, 0x00000000eaa00000|  0%| F|  |TAMS 0x00000000ea900000, 0x00000000ea900000| Untracked 
| 170|0x00000000eaa00000, 0x00000000eaa00000, 0x00000000eab00000|  0%| F|  |TAMS 0x00000000eaa00000, 0x00000000eaa00000| Untracked 
| 171|0x00000000eab00000, 0x00000000eab00000, 0x00000000eac00000|  0%| F|  |TAMS 0x00000000eab00000, 0x00000000eab00000| Untracked 
| 172|0x00000000eac00000, 0x00000000eac00000, 0x00000000ead00000|  0%| F|  |TAMS 0x00000000eac00000, 0x00000000eac00000| Untracked 
| 173|0x00000000ead00000, 0x00000000ead00000, 0x00000000eae00000|  0%| F|  |TAMS 0x00000000ead00000, 0x00000000ead00000| Untracked 
| 174|0x00000000eae00000, 0x00000000eae00000, 0x00000000eaf00000|  0%| F|  |TAMS 0x00000000eae00000, 0x00000000eae00000| Untracked 
| 175|0x00000000eaf00000, 0x00000000eaf00000, 0x00000000eb000000|  0%| F|  |TAMS 0x00000000eaf00000, 0x00000000eaf00000| Untracked 
| 176|0x00000000eb000000, 0x00000000eb000000, 0x00000000eb100000|  0%| F|  |TAMS 0x00000000eb000000, 0x00000000eb000000| Untracked 
| 177|0x00000000eb100000, 0x00000000eb100000, 0x00000000eb200000|  0%| F|  |TAMS 0x00000000eb100000, 0x00000000eb100000| Untracked 
| 178|0x00000000eb200000, 0x00000000eb200000, 0x00000000eb300000|  0%| F|  |TAMS 0x00000000eb200000, 0x00000000eb200000| Untracked 
| 179|0x00000000eb300000, 0x00000000eb300000, 0x00000000eb400000|  0%| F|  |TAMS 0x00000000eb300000, 0x00000000eb300000| Untracked 
| 180|0x00000000eb400000, 0x00000000eb400000, 0x00000000eb500000|  0%| F|  |TAMS 0x00000000eb400000, 0x00000000eb400000| Untracked 
| 181|0x00000000eb500000, 0x00000000eb500000, 0x00000000eb600000|  0%| F|  |TAMS 0x00000000eb500000, 0x00000000eb500000| Untracked 
| 182|0x00000000eb600000, 0x00000000eb600000, 0x00000000eb700000|  0%| F|  |TAMS 0x00000000eb600000, 0x00000000eb600000| Untracked 
| 183|0x00000000eb700000, 0x00000000eb700000, 0x00000000eb800000|  0%| F|  |TAMS 0x00000000eb700000, 0x00000000eb700000| Untracked 
| 184|0x00000000eb800000, 0x00000000eb800000, 0x00000000eb900000|  0%| F|  |TAMS 0x00000000eb800000, 0x00000000eb800000| Untracked 
| 185|0x00000000eb900000, 0x00000000eb900000, 0x00000000eba00000|  0%| F|  |TAMS 0x00000000eb900000, 0x00000000eb900000| Untracked 
| 186|0x00000000eba00000, 0x00000000eba00000, 0x00000000ebb00000|  0%| F|  |TAMS 0x00000000eba00000, 0x00000000eba00000| Untracked 
| 187|0x00000000ebb00000, 0x00000000ebb00000, 0x00000000ebc00000|  0%| F|  |TAMS 0x00000000ebb00000, 0x00000000ebb00000| Untracked 
| 188|0x00000000ebc00000, 0x00000000ebc00000, 0x00000000ebd00000|  0%| F|  |TAMS 0x00000000ebc00000, 0x00000000ebc00000| Untracked 
| 189|0x00000000ebd00000, 0x00000000ebd00000, 0x00000000ebe00000|  0%| F|  |TAMS 0x00000000ebd00000, 0x00000000ebd00000| Untracked 
| 190|0x00000000ebe00000, 0x00000000ebe00000, 0x00000000ebf00000|  0%| F|  |TAMS 0x00000000ebe00000, 0x00000000ebe00000| Untracked 
| 191|0x00000000ebf00000, 0x00000000ebf00000, 0x00000000ec000000|  0%| F|  |TAMS 0x00000000ebf00000, 0x00000000ebf00000| Untracked 
| 192|0x00000000ec000000, 0x00000000ec000000, 0x00000000ec100000|  0%| F|  |TAMS 0x00000000ec000000, 0x00000000ec000000| Untracked 
| 193|0x00000000ec100000, 0x00000000ec100000, 0x00000000ec200000|  0%| F|  |TAMS 0x00000000ec100000, 0x00000000ec100000| Untracked 
| 194|0x00000000ec200000, 0x00000000ec200000, 0x00000000ec300000|  0%| F|  |TAMS 0x00000000ec200000, 0x00000000ec200000| Untracked 
| 195|0x00000000ec300000, 0x00000000ec300000, 0x00000000ec400000|  0%| F|  |TAMS 0x00000000ec300000, 0x00000000ec300000| Untracked 
| 196|0x00000000ec400000, 0x00000000ec400000, 0x00000000ec500000|  0%| F|  |TAMS 0x00000000ec400000, 0x00000000ec400000| Untracked 
| 197|0x00000000ec500000, 0x00000000ec500000, 0x00000000ec600000|  0%| F|  |TAMS 0x00000000ec500000, 0x00000000ec500000| Untracked 
| 198|0x00000000ec600000, 0x00000000ec600000, 0x00000000ec700000|  0%| F|  |TAMS 0x00000000ec600000, 0x00000000ec600000| Untracked 
| 199|0x00000000ec700000, 0x00000000ec700000, 0x00000000ec800000|  0%| F|  |TAMS 0x00000000ec700000, 0x00000000ec700000| Untracked 
| 200|0x00000000ec800000, 0x00000000ec800000, 0x00000000ec900000|  0%| F|  |TAMS 0x00000000ec800000, 0x00000000ec800000| Untracked 
| 201|0x00000000ec900000, 0x00000000ec900000, 0x00000000eca00000|  0%| F|  |TAMS 0x00000000ec900000, 0x00000000ec900000| Untracked 
| 202|0x00000000eca00000, 0x00000000eca00000, 0x00000000ecb00000|  0%| F|  |TAMS 0x00000000eca00000, 0x00000000eca00000| Untracked 
| 203|0x00000000ecb00000, 0x00000000ecb00000, 0x00000000ecc00000|  0%| F|  |TAMS 0x00000000ecb00000, 0x00000000ecb00000| Untracked 
| 204|0x00000000ecc00000, 0x00000000ecc00000, 0x00000000ecd00000|  0%| F|  |TAMS 0x00000000ecc00000, 0x00000000ecc00000| Untracked 
| 205|0x00000000ecd00000, 0x00000000ecd00000, 0x00000000ece00000|  0%| F|  |TAMS 0x00000000ecd00000, 0x00000000ecd00000| Untracked 
| 206|0x00000000ece00000, 0x00000000ece00000, 0x00000000ecf00000|  0%| F|  |TAMS 0x00000000ece00000, 0x00000000ece00000| Untracked 
| 207|0x00000000ecf00000, 0x00000000ecf00000, 0x00000000ed000000|  0%| F|  |TAMS 0x00000000ecf00000, 0x00000000ecf00000| Untracked 
| 208|0x00000000ed000000, 0x00000000ed000000, 0x00000000ed100000|  0%| F|  |TAMS 0x00000000ed000000, 0x00000000ed000000| Untracked 
| 209|0x00000000ed100000, 0x00000000ed100000, 0x00000000ed200000|  0%| F|  |TAMS 0x00000000ed100000, 0x00000000ed100000| Untracked 
| 210|0x00000000ed200000, 0x00000000ed200000, 0x00000000ed300000|  0%| F|  |TAMS 0x00000000ed200000, 0x00000000ed200000| Untracked 
| 211|0x00000000ed300000, 0x00000000ed400000, 0x00000000ed400000|100%| E|  |TAMS 0x00000000ed300000, 0x00000000ed300000| Complete 
| 212|0x00000000ed400000, 0x00000000ed500000, 0x00000000ed500000|100%| E|CS|TAMS 0x00000000ed400000, 0x00000000ed400000| Complete 
| 213|0x00000000ed500000, 0x00000000ed600000, 0x00000000ed600000|100%| E|CS|TAMS 0x00000000ed500000, 0x00000000ed500000| Complete 
| 214|0x00000000ed600000, 0x00000000ed700000, 0x00000000ed700000|100%| E|CS|TAMS 0x00000000ed600000, 0x00000000ed600000| Complete 
| 215|0x00000000ed700000, 0x00000000ed800000, 0x00000000ed800000|100%| E|CS|TAMS 0x00000000ed700000, 0x00000000ed700000| Complete 
| 216|0x00000000ed800000, 0x00000000ed900000, 0x00000000ed900000|100%| E|CS|TAMS 0x00000000ed800000, 0x00000000ed800000| Complete 
| 217|0x00000000ed900000, 0x00000000eda00000, 0x00000000eda00000|100%| E|CS|TAMS 0x00000000ed900000, 0x00000000ed900000| Complete 
| 218|0x00000000eda00000, 0x00000000edb00000, 0x00000000edb00000|100%| E|CS|TAMS 0x00000000eda00000, 0x00000000eda00000| Complete 
| 219|0x00000000edb00000, 0x00000000edc00000, 0x00000000edc00000|100%| E|CS|TAMS 0x00000000edb00000, 0x00000000edb00000| Complete 
| 220|0x00000000edc00000, 0x00000000edd00000, 0x00000000edd00000|100%| E|CS|TAMS 0x00000000edc00000, 0x00000000edc00000| Complete 
| 221|0x00000000edd00000, 0x00000000ede00000, 0x00000000ede00000|100%| E|CS|TAMS 0x00000000edd00000, 0x00000000edd00000| Complete 
| 222|0x00000000ede00000, 0x00000000edf00000, 0x00000000edf00000|100%| E|CS|TAMS 0x00000000ede00000, 0x00000000ede00000| Complete 
| 223|0x00000000edf00000, 0x00000000ee000000, 0x00000000ee000000|100%| E|CS|TAMS 0x00000000edf00000, 0x00000000edf00000| Complete 
| 224|0x00000000ee000000, 0x00000000ee100000, 0x00000000ee100000|100%| E|CS|TAMS 0x00000000ee000000, 0x00000000ee000000| Complete 
| 225|0x00000000ee100000, 0x00000000ee200000, 0x00000000ee200000|100%| E|CS|TAMS 0x00000000ee100000, 0x00000000ee100000| Complete 
| 226|0x00000000ee200000, 0x00000000ee300000, 0x00000000ee300000|100%| E|CS|TAMS 0x00000000ee200000, 0x00000000ee200000| Complete 
| 227|0x00000000ee300000, 0x00000000ee400000, 0x00000000ee400000|100%| E|CS|TAMS 0x00000000ee300000, 0x00000000ee300000| Complete 
| 228|0x00000000ee400000, 0x00000000ee500000, 0x00000000ee500000|100%| E|CS|TAMS 0x00000000ee400000, 0x00000000ee400000| Complete 
| 229|0x00000000ee500000, 0x00000000ee600000, 0x00000000ee600000|100%| E|CS|TAMS 0x00000000ee500000, 0x00000000ee500000| Complete 
| 230|0x00000000ee600000, 0x00000000ee700000, 0x00000000ee700000|100%| E|CS|TAMS 0x00000000ee600000, 0x00000000ee600000| Complete 
| 231|0x00000000ee700000, 0x00000000ee800000, 0x00000000ee800000|100%| E|CS|TAMS 0x00000000ee700000, 0x00000000ee700000| Complete 
| 232|0x00000000ee800000, 0x00000000ee900000, 0x00000000ee900000|100%| E|CS|TAMS 0x00000000ee800000, 0x00000000ee800000| Complete 
| 233|0x00000000ee900000, 0x00000000eea00000, 0x00000000eea00000|100%| E|CS|TAMS 0x00000000ee900000, 0x00000000ee900000| Complete 
| 234|0x00000000eea00000, 0x00000000eeb00000, 0x00000000eeb00000|100%| E|CS|TAMS 0x00000000eea00000, 0x00000000eea00000| Complete 
| 235|0x00000000eeb00000, 0x00000000eec00000, 0x00000000eec00000|100%| E|CS|TAMS 0x00000000eeb00000, 0x00000000eeb00000| Complete 
| 236|0x00000000eec00000, 0x00000000eed00000, 0x00000000eed00000|100%| E|CS|TAMS 0x00000000eec00000, 0x00000000eec00000| Complete 
| 237|0x00000000eed00000, 0x00000000eee00000, 0x00000000eee00000|100%| E|CS|TAMS 0x00000000eed00000, 0x00000000eed00000| Complete 
| 238|0x00000000eee00000, 0x00000000eef00000, 0x00000000eef00000|100%| E|CS|TAMS 0x00000000eee00000, 0x00000000eee00000| Complete 
| 239|0x00000000eef00000, 0x00000000ef000000, 0x00000000ef000000|100%| E|CS|TAMS 0x00000000eef00000, 0x00000000eef00000| Complete 
| 240|0x00000000ef000000, 0x00000000ef100000, 0x00000000ef100000|100%| E|CS|TAMS 0x00000000ef000000, 0x00000000ef000000| Complete 
| 241|0x00000000ef100000, 0x00000000ef200000, 0x00000000ef200000|100%| E|CS|TAMS 0x00000000ef100000, 0x00000000ef100000| Complete 
| 242|0x00000000ef200000, 0x00000000ef300000, 0x00000000ef300000|100%| E|CS|TAMS 0x00000000ef200000, 0x00000000ef200000| Complete 
| 243|0x00000000ef300000, 0x00000000ef400000, 0x00000000ef400000|100%| E|CS|TAMS 0x00000000ef300000, 0x00000000ef300000| Complete 
| 244|0x00000000ef400000, 0x00000000ef500000, 0x00000000ef500000|100%| E|CS|TAMS 0x00000000ef400000, 0x00000000ef400000| Complete 
| 245|0x00000000ef500000, 0x00000000ef600000, 0x00000000ef600000|100%| E|CS|TAMS 0x00000000ef500000, 0x00000000ef500000| Complete 
| 246|0x00000000ef600000, 0x00000000ef700000, 0x00000000ef700000|100%| E|CS|TAMS 0x00000000ef600000, 0x00000000ef600000| Complete 
| 247|0x00000000ef700000, 0x00000000ef800000, 0x00000000ef800000|100%| E|CS|TAMS 0x00000000ef700000, 0x00000000ef700000| Complete 
| 248|0x00000000ef800000, 0x00000000ef900000, 0x00000000ef900000|100%| E|CS|TAMS 0x00000000ef800000, 0x00000000ef800000| Complete 
| 249|0x00000000ef900000, 0x00000000efa00000, 0x00000000efa00000|100%| E|CS|TAMS 0x00000000ef900000, 0x00000000ef900000| Complete 
| 250|0x00000000efa00000, 0x00000000efb00000, 0x00000000efb00000|100%| E|CS|TAMS 0x00000000efa00000, 0x00000000efa00000| Complete 
| 251|0x00000000efb00000, 0x00000000efc00000, 0x00000000efc00000|100%| E|CS|TAMS 0x00000000efb00000, 0x00000000efb00000| Complete 
| 252|0x00000000efc00000, 0x00000000efd00000, 0x00000000efd00000|100%| E|CS|TAMS 0x00000000efc00000, 0x00000000efc00000| Complete 
| 253|0x00000000efd00000, 0x00000000efe00000, 0x00000000efe00000|100%| E|CS|TAMS 0x00000000efd00000, 0x00000000efd00000| Complete 
| 254|0x00000000efe00000, 0x00000000eff00000, 0x00000000eff00000|100%| E|CS|TAMS 0x00000000efe00000, 0x00000000efe00000| Complete 
| 255|0x00000000eff00000, 0x00000000f0000000, 0x00000000f0000000|100%| E|CS|TAMS 0x00000000eff00000, 0x00000000eff00000| Complete 

Card table byte_map: [0x0000025277ed0000,0x0000025277fd0000] _byte_map_base: 0x00000252777d0000

Marking Bits (Prev, Next): (CMBitMap*) 0x0000025260a9f930, (CMBitMap*) 0x0000025260a9f8f0
 Prev Bits: [0x00000252788d0000, 0x00000252790d0000)
 Next Bits: [0x00000252780d0000, 0x00000252788d0000)

Polling page: 0x000002525e910000

Metaspace:

Usage:
  Non-class:     55.04 MB used.
      Class:      9.17 MB used.
       Both:     64.21 MB used.

Virtual space:
  Non-class space:       56.00 MB reserved,      55.38 MB ( 99%) committed,  7 nodes.
      Class space:      308.00 MB reserved,       9.44 MB (  3%) committed,  1 nodes.
             Both:      364.00 MB reserved,      64.81 MB ( 18%) committed. 

Chunk freelists:
   Non-Class:  144.00 KB
       Class:  2.61 MB
        Both:  2.75 MB

MaxMetaspaceSize: 384.00 MB
CompressedClassSpaceSize: 308.00 MB
Initial GC threshold: 21.00 MB
Current GC threshold: 99.31 MB
CDS: on
MetaspaceReclaimPolicy: balanced
 - commit_granule_bytes: 65536.
 - commit_granule_words: 8192.
 - virtual_space_node_default_size: 1048576.
 - enlarge_chunks_in_place: 1.
 - new_chunks_are_fully_committed: 0.
 - uncommit_free_chunks: 1.
 - use_allocation_guard: 0.
 - handle_deallocations: 1.


Internal statistics:

num_allocs_failed_limit: 12.
num_arena_births: 974.
num_arena_deaths: 224.
num_vsnodes_births: 8.
num_vsnodes_deaths: 0.
num_space_committed: 1037.
num_space_uncommitted: 0.
num_chunks_returned_to_freelist: 317.
num_chunks_taken_from_freelist: 3853.
num_chunk_merges: 121.
num_chunk_splits: 2475.
num_chunks_enlarged: 1685.
num_purges: 2.
num_inconsistent_stats: 0.

CodeHeap 'non-profiled nmethods': size=119168Kb used=3984Kb max_used=3984Kb free=115183Kb
 bounds [0x00000252700f0000, 0x00000252704e0000, 0x0000025277550000]
CodeHeap 'profiled nmethods': size=119104Kb used=13256Kb max_used=13256Kb free=105848Kb
 bounds [0x0000025268ca0000, 0x00000252699a0000, 0x00000252700f0000]
CodeHeap 'non-nmethods': size=7488Kb used=2230Kb max_used=3359Kb free=5258Kb
 bounds [0x0000025268550000, 0x00000252688a0000, 0x0000025268ca0000]
 total_blobs=7352 nmethods=6605 adapters=656
 compilation: enabled
              stopped_count=0, restarted_count=0
 full_count=0

Compilation events (20 events):
Event: 2151.699 Thread 0x000002527c0ba230 nmethod 7402 0x000002526996a890 code [0x000002526996aa80, 0x000002526996af58]
Event: 2151.700 Thread 0x0000025203bccab0 nmethod 7398 0x000002526996b190 code [0x000002526996b960, 0x0000025269970378]
Event: 2151.701 Thread 0x0000025203bccab0 7404   !   2       jdk.internal.loader.Resource::getBytes (244 bytes)
Event: 2151.702 Thread 0x0000025203bccab0 nmethod 7404 0x0000025269972490 code [0x0000025269972700, 0x00000252699730c8]
Event: 2151.703 Thread 0x000002527c0ba230 7405   !   3       jdk.internal.jimage.BasicImageReader::slice (32 bytes)
Event: 2151.703 Thread 0x0000025203bccab0 7406       3       jdk.internal.jrtfs.JrtPath::getFileSystem (5 bytes)
Event: 2151.703 Thread 0x000002527c0ba230 nmethod 7405 0x0000025269973810 code [0x00000252699739e0, 0x0000025269973e08]
Event: 2151.703 Thread 0x000002527c0ba230 7408       3       java.nio.ByteBuffer::get (9 bytes)
Event: 2151.703 Thread 0x0000025203bccab0 nmethod 7406 0x0000025269973f90 code [0x0000025269974120, 0x0000025269974238]
Event: 2151.703 Thread 0x0000025203bccab0 7407       3       jdk.internal.jrtfs.JrtFileSystemProvider::toJrtPath (27 bytes)
Event: 2151.703 Thread 0x000002527c0ba230 nmethod 7408 0x0000025269974310 code [0x00000252699744c0, 0x00000252699746a8]
Event: 2151.703 Thread 0x000002527c0ba230 7409       3       java.util.AbstractMap$SimpleEntry::<init> (15 bytes)
Event: 2151.704 Thread 0x0000025203bccab0 nmethod 7407 0x0000025269974790 code [0x0000025269974960, 0x0000025269974eb8]
Event: 2151.704 Thread 0x000002527c0ba230 nmethod 7409 0x0000025269975090 code [0x0000025269975240, 0x0000025269975458]
Event: 2151.704 Thread 0x0000025203bccab0 7410       3       org.jetbrains.kotlin.cli.jvm.modules.CliJavaModuleFinder::getUseLastJdkApi (37 bytes)
Event: 2151.704 Thread 0x000002527c0ba230 7411       3       jdk.internal.jimage.BasicImageReader::getResource (24 bytes)
Event: 2151.704 Thread 0x0000025203bccab0 nmethod 7410 0x0000025269975510 code [0x00000252699756e0, 0x0000025269975b38]
Event: 2151.704 Thread 0x0000025203bccab0 7413   !   3       java.nio.channels.Channels$ReadableByteChannelImpl::read (195 bytes)
Event: 2151.704 Thread 0x000002527c0ba230 nmethod 7411 0x0000025269975c90 code [0x0000025269975ea0, 0x0000025269976558]
Event: 2151.704 Thread 0x000002527c0ba230 7412   !   3       jdk.internal.jimage.BasicImageReader::getResourceBuffer (203 bytes)

GC Heap History (20 events):
Event: 0.423 GC heap before
{Heap before GC invocations=0 (full 0):
 garbage-first heap   total 262144K, used 22528K [0x00000000e0000000, 0x0000000100000000)
  region size 1024K, 23 young (23552K), 0 survivors (0K)
 Metaspace       used 923K, committed 1088K, reserved 323584K
  class space    used 68K, committed 128K, reserved 315392K
}
Event: 0.425 GC heap after
{Heap after GC invocations=1 (full 0):
 garbage-first heap   total 262144K, used 1725K [0x00000000e0000000, 0x0000000100000000)
  region size 1024K, 2 young (2048K), 2 survivors (2048K)
 Metaspace       used 923K, committed 1088K, reserved 323584K
  class space    used 68K, committed 128K, reserved 315392K
}
Event: 1.035 GC heap before
{Heap before GC invocations=1 (full 0):
 garbage-first heap   total 262144K, used 40637K [0x00000000e0000000, 0x0000000100000000)
  region size 1024K, 37 young (37888K), 2 survivors (2048K)
 Metaspace       used 4607K, committed 4800K, reserved 323584K
  class space    used 574K, committed 640K, reserved 315392K
}
Event: 1.039 GC heap after
{Heap after GC invocations=2 (full 0):
 garbage-first heap   total 262144K, used 10909K [0x00000000e0000000, 0x0000000100000000)
  region size 1024K, 5 young (5120K), 5 survivors (5120K)
 Metaspace       used 4607K, committed 4800K, reserved 323584K
  class space    used 574K, committed 640K, reserved 315392K
}
Event: 1.575 GC heap before
{Heap before GC invocations=2 (full 0):
 garbage-first heap   total 262144K, used 62109K [0x00000000e0000000, 0x0000000100000000)
  region size 1024K, 53 young (54272K), 5 survivors (5120K)
 Metaspace       used 4917K, committed 5056K, reserved 323584K
  class space    used 621K, committed 704K, reserved 315392K
}
Event: 1.580 GC heap after
{Heap after GC invocations=3 (full 0):
 garbage-first heap   total 262144K, used 16257K [0x00000000e0000000, 0x0000000100000000)
  region size 1024K, 5 young (5120K), 5 survivors (5120K)
 Metaspace       used 4917K, committed 5056K, reserved 323584K
  class space    used 621K, committed 704K, reserved 315392K
}
Event: 3.020 GC heap before
{Heap before GC invocations=3 (full 0):
 garbage-first heap   total 262144K, used 119681K [0x00000000e0000000, 0x0000000100000000)
  region size 1024K, 105 young (107520K), 5 survivors (5120K)
 Metaspace       used 21229K, committed 21504K, reserved 339968K
  class space    used 2925K, committed 3008K, reserved 315392K
}
Event: 3.025 GC heap after
{Heap after GC invocations=4 (full 0):
 garbage-first heap   total 262144K, used 22992K [0x00000000e0000000, 0x0000000100000000)
  region size 1024K, 11 young (11264K), 11 survivors (11264K)
 Metaspace       used 21229K, committed 21504K, reserved 339968K
  class space    used 2925K, committed 3008K, reserved 315392K
}
Event: 4.372 GC heap before
{Heap before GC invocations=5 (full 0):
 garbage-first heap   total 262144K, used 134608K [0x00000000e0000000, 0x0000000100000000)
  region size 1024K, 121 young (123904K), 11 survivors (11264K)
 Metaspace       used 35575K, committed 35968K, reserved 348160K
  class space    used 4948K, committed 5120K, reserved 315392K
}
Event: 4.377 GC heap after
{Heap after GC invocations=6 (full 0):
 garbage-first heap   total 262144K, used 28003K [0x00000000e0000000, 0x0000000100000000)
  region size 1024K, 12 young (12288K), 12 survivors (12288K)
 Metaspace       used 35575K, committed 35968K, reserved 348160K
  class space    used 4948K, committed 5120K, reserved 315392K
}
Event: 4.395 GC heap before
{Heap before GC invocations=6 (full 0):
 garbage-first heap   total 262144K, used 29027K [0x00000000e0000000, 0x0000000100000000)
  region size 1024K, 13 young (13312K), 12 survivors (12288K)
 Metaspace       used 35672K, committed 36096K, reserved 348160K
  class space    used 4971K, committed 5184K, reserved 315392K
}
Event: 4.400 GC heap after
{Heap after GC invocations=7 (full 0):
 garbage-first heap   total 262144K, used 29273K [0x00000000e0000000, 0x0000000100000000)
  region size 1024K, 2 young (2048K), 2 survivors (2048K)
 Metaspace       used 35672K, committed 36096K, reserved 348160K
  class space    used 4971K, committed 5184K, reserved 315392K
}
Event: 4.419 GC heap before
{Heap before GC invocations=7 (full 0):
 garbage-first heap   total 262144K, used 30297K [0x00000000e0000000, 0x0000000100000000)
  region size 1024K, 4 young (4096K), 2 survivors (2048K)
 Metaspace       used 35913K, committed 36288K, reserved 348160K
  class space    used 5000K, committed 5184K, reserved 315392K
}
Event: 4.419 GC heap after
{Heap after GC invocations=8 (full 0):
 garbage-first heap   total 262144K, used 27881K [0x00000000e0000000, 0x0000000100000000)
  region size 1024K, 1 young (1024K), 1 survivors (1024K)
 Metaspace       used 35913K, committed 36288K, reserved 348160K
  class space    used 5000K, committed 5184K, reserved 315392K
}
Event: 1524.765 GC heap before
{Heap before GC invocations=9 (full 0):
 garbage-first heap   total 262144K, used 182505K [0x00000000e0000000, 0x0000000100000000)
  region size 1024K, 153 young (156672K), 1 survivors (1024K)
 Metaspace       used 49991K, committed 50496K, reserved 364544K
  class space    used 6922K, committed 7168K, reserved 315392K
}
Event: 1524.768 GC heap after
{Heap after GC invocations=10 (full 0):
 garbage-first heap   total 262144K, used 33891K [0x00000000e0000000, 0x0000000100000000)
  region size 1024K, 7 young (7168K), 7 survivors (7168K)
 Metaspace       used 49991K, committed 50496K, reserved 364544K
  class space    used 6922K, committed 7168K, reserved 315392K
}
Event: 1780.770 GC heap before
{Heap before GC invocations=10 (full 0):
 garbage-first heap   total 262144K, used 37987K [0x00000000e0000000, 0x0000000100000000)
  region size 1024K, 12 young (12288K), 7 survivors (7168K)
 Metaspace       used 49991K, committed 50496K, reserved 364544K
  class space    used 6922K, committed 7168K, reserved 315392K
}
Event: 1780.774 GC heap after
{Heap after GC invocations=11 (full 0):
 garbage-first heap   total 262144K, used 34010K [0x00000000e0000000, 0x0000000100000000)
  region size 1024K, 1 young (1024K), 1 survivors (1024K)
 Metaspace       used 49991K, committed 50496K, reserved 364544K
  class space    used 6922K, committed 7168K, reserved 315392K
}
Event: 2151.104 GC heap before
{Heap before GC invocations=11 (full 0):
 garbage-first heap   total 262144K, used 148698K [0x00000000e0000000, 0x0000000100000000)
  region size 1024K, 114 young (116736K), 1 survivors (1024K)
 Metaspace       used 60132K, committed 60800K, reserved 372736K
  class space    used 8701K, committed 9024K, reserved 315392K
}
Event: 2151.107 GC heap after
{Heap after GC invocations=12 (full 0):
 garbage-first heap   total 262144K, used 37342K [0x00000000e0000000, 0x0000000100000000)
  region size 1024K, 4 young (4096K), 4 survivors (4096K)
 Metaspace       used 60132K, committed 60800K, reserved 372736K
  class space    used 8701K, committed 9024K, reserved 315392K
}

Dll operation events (14 events):
Event: 0.012 Loaded shared library C:\Program Files\Eclipse Adoptium\jdk-17.0.5.8-hotspot\bin\java.dll
Event: 0.023 Loaded shared library C:\Program Files\Eclipse Adoptium\jdk-17.0.5.8-hotspot\bin\jsvml.dll
Event: 0.091 Loaded shared library C:\Program Files\Eclipse Adoptium\jdk-17.0.5.8-hotspot\bin\zip.dll
Event: 0.095 Loaded shared library C:\Program Files\Eclipse Adoptium\jdk-17.0.5.8-hotspot\bin\instrument.dll
Event: 0.100 Loaded shared library C:\Program Files\Eclipse Adoptium\jdk-17.0.5.8-hotspot\bin\net.dll
Event: 0.102 Loaded shared library C:\Program Files\Eclipse Adoptium\jdk-17.0.5.8-hotspot\bin\nio.dll
Event: 0.104 Loaded shared library C:\Program Files\Eclipse Adoptium\jdk-17.0.5.8-hotspot\bin\zip.dll
Event: 0.401 Loaded shared library C:\Program Files\Eclipse Adoptium\jdk-17.0.5.8-hotspot\bin\jimage.dll
Event: 0.594 Loaded shared library C:\Program Files\Eclipse Adoptium\jdk-17.0.5.8-hotspot\bin\verify.dll
Event: 0.628 Loaded shared library C:\Users\sunwu\.gradle\native\1def1411415f61bf3af743bc5b6707747c0891f09f0c88961ee8f79bc544acac\windows-amd64\native-platform.dll
Event: 0.647 Loaded shared library C:\Users\sunwu\.gradle\native\0.2.8\x86_64-windows-gnu\gradle-fileevents.dll
Event: 1.722 Loaded shared library C:\Program Files\Eclipse Adoptium\jdk-17.0.5.8-hotspot\bin\management.dll
Event: 1.725 Loaded shared library C:\Program Files\Eclipse Adoptium\jdk-17.0.5.8-hotspot\bin\management_ext.dll
Event: 2.099 Loaded shared library C:\Program Files\Eclipse Adoptium\jdk-17.0.5.8-hotspot\bin\sunmscapi.dll

Deoptimization events (20 events):
Event: 2151.612 Thread 0x0000025201286d30 Uncommon trap: trap_request=0xffffff45 fr.pc=0x00000252702d9194 relative=0x0000000000000254
Event: 2151.612 Thread 0x0000025201286d30 Uncommon trap: reason=unstable_if action=reinterpret pc=0x00000252702d9194 method=sun.nio.fs.WindowsPath.hashCode()I @ 6 c2
Event: 2151.612 Thread 0x0000025201286d30 DEOPT PACKING pc=0x00000252702d9194 sp=0x000000cc03ff4140
Event: 2151.612 Thread 0x0000025201286d30 DEOPT UNPACKING pc=0x00000252685a23a3 sp=0x000000cc03ff40d8 mode 2
Event: 2151.615 Thread 0x0000025201286d30 Uncommon trap: trap_request=0xffffff45 fr.pc=0x00000252701205c8 relative=0x0000000000000048
Event: 2151.615 Thread 0x0000025201286d30 Uncommon trap: reason=unstable_if action=reinterpret pc=0x00000252701205c8 method=java.net.URI.match(CJJ)Z @ 19 c2
Event: 2151.615 Thread 0x0000025201286d30 DEOPT PACKING pc=0x00000252701205c8 sp=0x000000cc03ff4ab0
Event: 2151.615 Thread 0x0000025201286d30 DEOPT UNPACKING pc=0x00000252685a23a3 sp=0x000000cc03ff4a38 mode 2
Event: 2151.615 Thread 0x0000025201286d30 Uncommon trap: trap_request=0xffffff45 fr.pc=0x000002527017b9d4 relative=0x00000000000001b4
Event: 2151.615 Thread 0x0000025201286d30 Uncommon trap: reason=unstable_if action=reinterpret pc=0x000002527017b9d4 method=java.net.URI.match(CJJ)Z @ 19 c2
Event: 2151.615 Thread 0x0000025201286d30 DEOPT PACKING pc=0x000002527017b9d4 sp=0x000000cc03ff4a30
Event: 2151.615 Thread 0x0000025201286d30 DEOPT UNPACKING pc=0x00000252685a23a3 sp=0x000000cc03ff4920 mode 2
Event: 2151.617 Thread 0x0000025201286d30 Uncommon trap: trap_request=0xffffff45 fr.pc=0x0000025270493d50 relative=0x0000000000002650
Event: 2151.617 Thread 0x0000025201286d30 Uncommon trap: reason=unstable_if action=reinterpret pc=0x0000025270493d50 method=java.lang.ClassLoader.getClassLoadingLock(Ljava/lang/String;)Ljava/lang/Object; @ 6 c2
Event: 2151.617 Thread 0x0000025201286d30 DEOPT PACKING pc=0x0000025270493d50 sp=0x000000cc03ff2c90
Event: 2151.617 Thread 0x0000025201286d30 DEOPT UNPACKING pc=0x00000252685a23a3 sp=0x000000cc03ff2c20 mode 2
Event: 2151.617 Thread 0x0000025201286d30 Uncommon trap: trap_request=0xffffff45 fr.pc=0x00000252701f9000 relative=0x00000000000000e0
Event: 2151.617 Thread 0x0000025201286d30 Uncommon trap: reason=unstable_if action=reinterpret pc=0x00000252701f9000 method=java.lang.ClassLoader.getClassLoadingLock(Ljava/lang/String;)Ljava/lang/Object; @ 6 c2
Event: 2151.617 Thread 0x0000025201286d30 DEOPT PACKING pc=0x00000252701f9000 sp=0x000000cc03ff0e80
Event: 2151.617 Thread 0x0000025201286d30 DEOPT UNPACKING pc=0x00000252685a23a3 sp=0x000000cc03ff0e20 mode 2

Classes unloaded (20 events):
Event: 2151.124 Thread 0x000002527c06ecb0 Unloading class 0x0000000800deac00 'java/lang/invoke/LambdaForm$MH+0x0000000800deac00'
Event: 2151.124 Thread 0x000002527c06ecb0 Unloading class 0x0000000800dea800 'java/lang/invoke/LambdaForm$MH+0x0000000800dea800'
Event: 2151.124 Thread 0x000002527c06ecb0 Unloading class 0x0000000800dea400 'java/lang/invoke/LambdaForm$MH+0x0000000800dea400'
Event: 2151.124 Thread 0x000002527c06ecb0 Unloading class 0x0000000800dea000 'java/lang/invoke/LambdaForm$MH+0x0000000800dea000'
Event: 2151.124 Thread 0x000002527c06ecb0 Unloading class 0x0000000800de9c00 'java/lang/invoke/LambdaForm$MH+0x0000000800de9c00'
Event: 2151.124 Thread 0x000002527c06ecb0 Unloading class 0x0000000800de9800 'java/lang/invoke/LambdaForm$MH+0x0000000800de9800'
Event: 2151.124 Thread 0x000002527c06ecb0 Unloading class 0x0000000800de8800 'java/lang/invoke/LambdaForm$MH+0x0000000800de8800'
Event: 2151.124 Thread 0x000002527c06ecb0 Unloading class 0x0000000800de8400 'java/lang/invoke/LambdaForm$BMH+0x0000000800de8400'
Event: 2151.124 Thread 0x000002527c06ecb0 Unloading class 0x0000000800d1c800 'java/lang/invoke/LambdaForm$DMH+0x0000000800d1c800'
Event: 2151.124 Thread 0x000002527c06ecb0 Unloading class 0x0000000800d1c000 'java/lang/invoke/LambdaForm$DMH+0x0000000800d1c000'
Event: 2151.124 Thread 0x000002527c06ecb0 Unloading class 0x0000000800ce2800 'java/lang/invoke/LambdaForm$MH+0x0000000800ce2800'
Event: 2151.124 Thread 0x000002527c06ecb0 Unloading class 0x0000000800ce2000 'java/lang/invoke/LambdaForm$MH+0x0000000800ce2000'
Event: 2151.124 Thread 0x000002527c06ecb0 Unloading class 0x0000000800ce1c00 'java/lang/invoke/LambdaForm$MH+0x0000000800ce1c00'
Event: 2151.124 Thread 0x000002527c06ecb0 Unloading class 0x0000000800ce1800 'java/lang/invoke/LambdaForm$MH+0x0000000800ce1800'
Event: 2151.124 Thread 0x000002527c06ecb0 Unloading class 0x0000000800ce1400 'java/lang/invoke/LambdaForm$MH+0x0000000800ce1400'
Event: 2151.124 Thread 0x000002527c06ecb0 Unloading class 0x0000000800ce0c00 'java/lang/invoke/LambdaForm$MH+0x0000000800ce0c00'
Event: 2151.124 Thread 0x000002527c06ecb0 Unloading class 0x0000000800c84000 'java/lang/invoke/LambdaForm$DMH+0x0000000800c84000'
Event: 2151.124 Thread 0x000002527c06ecb0 Unloading class 0x0000000800c3a800 'java/lang/invoke/LambdaForm$MH+0x0000000800c3a800'
Event: 2151.124 Thread 0x000002527c06ecb0 Unloading class 0x0000000800c3a400 'java/lang/invoke/LambdaForm$MH+0x0000000800c3a400'
Event: 2151.124 Thread 0x000002527c06ecb0 Unloading class 0x0000000800c38000 'java/lang/invoke/LambdaForm$MH+0x0000000800c38000'

Classes redefined (0 events):
No events

Internal exceptions (20 events):
Event: 2150.860 Thread 0x0000025201286d30 Exception <a 'sun/nio/fs/WindowsException'{0x00000000ea075720}> (0x00000000ea075720) 
thrown [s\src\hotspot\share\prims\jni.cpp, line 516]
Event: 2150.860 Thread 0x0000025201286d30 Exception <a 'sun/nio/fs/WindowsException'{0x00000000ea077270}> (0x00000000ea077270) 
thrown [s\src\hotspot\share\prims\jni.cpp, line 516]
Event: 2150.943 Thread 0x0000025201286d30 Exception <a 'sun/nio/fs/WindowsException'{0x00000000e9ade718}> (0x00000000e9ade718) 
thrown [s\src\hotspot\share\prims\jni.cpp, line 516]
Event: 2150.996 Thread 0x0000025201286d30 Exception <a 'java/lang/NoSuchMethodError'{0x00000000e96e7f70}: 'long java.lang.invoke.DirectMethodHandle$Holder.invokeStatic(java.lang.Object)'> (0x00000000e96e7f70) 
thrown [s\src\hotspot\share\interpreter\linkResolver.cpp, line 759]
Event: 2150.997 Thread 0x0000025201286d30 Exception <a 'java/lang/NoSuchMethodError'{0x00000000e96ecb10}: 'long java.lang.invoke.DirectMethodHandle$Holder.invokeStaticInit(java.lang.Object)'> (0x00000000e96ecb10) 
thrown [s\src\hotspot\share\interpreter\linkResolver.cpp, line 759]
Event: 2151.054 Thread 0x0000025201286d30 Exception <a 'java/lang/NoSuchMethodError'{0x00000000e915b260}: 'void java.lang.invoke.DirectMethodHandle$Holder.invokeStaticInit(java.lang.Object)'> (0x00000000e915b260) 
thrown [s\src\hotspot\share\interpreter\linkResolver.cpp, line 759]
Event: 2151.067 Thread 0x0000025201286d30 Exception <a 'java/lang/NoSuchMethodError'{0x00000000e904ba18}: 'void java.lang.invoke.DelegatingMethodHandle$Holder.reinvoke_L(java.lang.Object, java.lang.Object, java.lang.Object, long, java.lang.Object)'> (0x00000000e904ba18) 
thrown [s\src\hotspot\share\interpreter\linkResolver.cpp, line 759]
Event: 2151.067 Thread 0x0000025201286d30 Exception <a 'java/lang/NoSuchMethodError'{0x00000000e9054250}: 'java.lang.Object java.lang.invoke.DirectMethodHandle$Holder.invokeSpecial(java.lang.Object, java.lang.Object, java.lang.Object, java.lang.Object, long)'> (0x00000000e9054250) 
thrown [s\src\hotspot\share\interpreter\linkResolver.cpp, line 759]
Event: 2151.068 Thread 0x0000025201286d30 Exception <a 'java/lang/NoSuchMethodError'{0x00000000e9064d10}: 'int java.lang.invoke.DelegatingMethodHandle$Holder.reinvoke_L(java.lang.Object, java.lang.Object, java.lang.Object, long, java.lang.Object, java.lang.Object)'> (0x00000000e9064d10) 
thrown [s\src\hotspot\share\interpreter\linkResolver.cpp, line 759]
Event: 2151.069 Thread 0x0000025201286d30 Exception <a 'java/lang/NoSuchMethodError'{0x00000000e9074d08}: 'int java.lang.invoke.DelegatingMethodHandle$Holder.reinvoke_L(java.lang.Object, java.lang.Object, java.lang.Object, long, int, int)'> (0x00000000e9074d08) 
thrown [s\src\hotspot\share\interpreter\linkResolver.cpp, line 759]
Event: 2151.069 Thread 0x0000025201286d30 Exception <a 'java/lang/NoSuchMethodError'{0x00000000e9084f90}: 'int java.lang.invoke.DelegatingMethodHandle$Holder.reinvoke_L(java.lang.Object, java.lang.Object, java.lang.Object, long, long, long)'> (0x00000000e9084f90) 
thrown [s\src\hotspot\share\interpreter\linkResolver.cpp, line 759]
Event: 2151.070 Thread 0x0000025201286d30 Exception <a 'java/lang/NoSuchMethodError'{0x00000000e9094a88}: 'int java.lang.invoke.DelegatingMethodHandle$Holder.reinvoke_L(java.lang.Object, java.lang.Object, java.lang.Object, long, int)'> (0x00000000e9094a88) 
thrown [s\src\hotspot\share\interpreter\linkResolver.cpp, line 759]
Event: 2151.071 Thread 0x0000025201286d30 Exception <a 'java/lang/NoSuchMethodError'{0x00000000e90afb90}: 'void java.lang.invoke.DelegatingMethodHandle$Holder.reinvoke_L(java.lang.Object, java.lang.Object, java.lang.Object, long, java.lang.Object, long, long)'> (0x00000000e90afb90) 
thrown [s\src\hotspot\share\interpreter\linkResolver.cpp, line 759]
Event: 2151.072 Thread 0x0000025201286d30 Exception <a 'java/lang/NoSuchMethodError'{0x00000000e90b8050}: 'long java.lang.invoke.Invokers$Holder.invokeExact_MT(java.lang.Object, java.lang.Object, java.lang.Object)'> (0x00000000e90b8050) 
thrown [s\src\hotspot\share\interpreter\linkResolver.cpp, line 759]
Event: 2151.072 Thread 0x0000025201286d30 Exception <a 'java/lang/NoSuchMethodError'{0x00000000e90bd1f8}: 'int java.lang.invoke.Invokers$Holder.invokeExact_MT(java.lang.Object, java.lang.Object, java.lang.Object)'> (0x00000000e90bd1f8) 
thrown [s\src\hotspot\share\interpreter\linkResolver.cpp, line 759]
Event: 2151.149 Thread 0x0000025201286d30 Exception <a 'java/lang/NoSuchMethodError'{0x00000000efe79bb0}: 'int java.lang.invoke.DirectMethodHandle$Holder.invokeStatic(java.lang.Object)'> (0x00000000efe79bb0) 
thrown [s\src\hotspot\share\interpreter\linkResolver.cpp, line 759]
Event: 2151.156 Thread 0x0000025201286d30 Exception <a 'java/lang/NoSuchMethodError'{0x00000000efee84c8}: 'java.lang.Object java.lang.invoke.DirectMethodHandle$Holder.invokeStatic(java.lang.Object, java.lang.Object, int, java.lang.Object, int)'> (0x00000000efee84c8) 
thrown [s\src\hotspot\share\interpreter\linkResolver.cpp, line 759]
Event: 2151.598 Thread 0x0000025201286d30 Exception <a 'java/lang/NoSuchMethodError'{0x00000000edcbb668}: 'java.lang.Object java.lang.invoke.DirectMethodHandle$Holder.invokeStatic(java.lang.Object, java.lang.Object, java.lang.Object, java.lang.Object, int, java.lang.Object)'> (0x00000000edcbb668) 
thrown [s\src\hotspot\share\interpreter\linkResolver.cpp, line 759]
Event: 2151.605 Thread 0x0000025201286d30 Implicit null exception at 0x00000252703390ee to 0x00000252703394e8
Event: 2151.631 Thread 0x0000025201286d30 Exception <a 'java/lang/NoSuchMethodError'{0x00000000eda15838}: 'java.lang.Object java.lang.invoke.Invokers$Holder.invoke_MT(java.lang.Object, java.lang.Object, java.lang.Object)'> (0x00000000eda15838) 
thrown [s\src\hotspot\share\interpreter\linkResolver.cpp, line 759]

VM Operations (20 events):
Event: 2151.152 Executing VM operation: HandshakeAllThreads
Event: 2151.152 Executing VM operation: HandshakeAllThreads done
Event: 2151.153 Executing VM operation: HandshakeAllThreads
Event: 2151.153 Executing VM operation: HandshakeAllThreads done
Event: 2151.233 Executing VM operation: HandshakeAllThreads
Event: 2151.233 Executing VM operation: HandshakeAllThreads done
Event: 2151.609 Executing VM operation: HandshakeAllThreads
Event: 2151.609 Executing VM operation: HandshakeAllThreads done
Event: 2151.613 Executing VM operation: HandshakeAllThreads
Event: 2151.613 Executing VM operation: HandshakeAllThreads done
Event: 2151.613 Executing VM operation: HandshakeAllThreads
Event: 2151.613 Executing VM operation: HandshakeAllThreads done
Event: 2151.620 Executing VM operation: HandshakeAllThreads
Event: 2151.620 Executing VM operation: HandshakeAllThreads done
Event: 2151.623 Executing VM operation: HandshakeAllThreads
Event: 2151.623 Executing VM operation: HandshakeAllThreads done
Event: 2151.636 Executing VM operation: HandshakeAllThreads
Event: 2151.637 Executing VM operation: HandshakeAllThreads done
Event: 2151.655 Executing VM operation: HandshakeAllThreads
Event: 2151.655 Executing VM operation: HandshakeAllThreads done

Events (20 events):
Event: 2151.632 loading class java/io/UTFDataFormatException
Event: 2151.632 loading class java/io/UTFDataFormatException done
Event: 2151.637 loading class java/nio/file/ClosedDirectoryStreamException
Event: 2151.637 loading class java/nio/file/ClosedDirectoryStreamException done
Event: 2151.638 loading class jdk/internal/jrtfs/JrtFileSystem
Event: 2151.638 loading class jdk/internal/jrtfs/JrtFileSystem done
Event: 2151.638 loading class jdk/internal/jrtfs/JrtPath
Event: 2151.641 loading class jdk/internal/jrtfs/JrtPath done
Event: 2151.641 loading class jdk/internal/jimage/ImageReader$Node
Event: 2151.641 loading class jdk/internal/jimage/ImageReader$Node done
Event: 2151.652 loading class jdk/internal/jimage/ImageReader$Directory
Event: 2151.652 loading class jdk/internal/jimage/ImageReader$Directory done
Event: 2151.653 loading class java/nio/ByteBufferAsIntBufferL
Event: 2151.654 loading class java/nio/ByteBufferAsIntBufferL done
Event: 2151.659 loading class java/nio/channels/Channels$ReadableByteChannelImpl
Event: 2151.660 loading class java/nio/channels/Channels$ReadableByteChannelImpl done
Event: 2151.660 loading class java/nio/channels/NonWritableChannelException
Event: 2151.660 loading class java/nio/channels/NonWritableChannelException done
Event: 2151.676 Thread 0x0000025203bccab0 Thread added: 0x0000025203bccab0
Event: 2151.677 Thread 0x000002527f50e4e0 Thread added: 0x000002527f50e4e0


Dynamic libraries:
0x00007ff6fbee0000 - 0x00007ff6fbeee000 	C:\Program Files\Eclipse Adoptium\jdk-17.0.5.8-hotspot\bin\java.exe
0x00007ff93cf30000 - 0x00007ff93d128000 	C:\WINDOWS\SYSTEM32\ntdll.dll
0x00007ff93bec0000 - 0x00007ff93bf82000 	C:\WINDOWS\System32\KERNEL32.DLL
0x00007ff93a890000 - 0x00007ff93ab86000 	C:\WINDOWS\System32\KERNELBASE.dll
0x00007ff93a660000 - 0x00007ff93a760000 	C:\WINDOWS\System32\ucrtbase.dll
0x00007ff921440000 - 0x00007ff921459000 	C:\Program Files\Eclipse Adoptium\jdk-17.0.5.8-hotspot\bin\VCRUNTIME140.dll
0x00007ff9359b0000 - 0x00007ff9359c7000 	C:\Program Files\Eclipse Adoptium\jdk-17.0.5.8-hotspot\bin\jli.dll
0x00007ff93ccd0000 - 0x00007ff93ce71000 	C:\WINDOWS\System32\USER32.dll
0x00007ff93ad70000 - 0x00007ff93ad92000 	C:\WINDOWS\System32\win32u.dll
0x00007ff91f710000 - 0x00007ff91f9ab000 	C:\WINDOWS\WinSxS\amd64_microsoft.windows.common-controls_6595b64144ccf1df_6.0.19041.6456_none_60b8a6cb71f64256\COMCTL32.dll
0x00007ff93b010000 - 0x00007ff93b03b000 	C:\WINDOWS\System32\GDI32.dll
0x00007ff93b040000 - 0x00007ff93b0de000 	C:\WINDOWS\System32\msvcrt.dll
0x00007ff93ae30000 - 0x00007ff93af49000 	C:\WINDOWS\System32\gdi32full.dll
0x00007ff93a5c0000 - 0x00007ff93a65d000 	C:\WINDOWS\System32\msvcp_win.dll
0x00007ff93b240000 - 0x00007ff93b26f000 	C:\WINDOWS\System32\IMM32.DLL
0x00007ff935a80000 - 0x00007ff935a8c000 	C:\Program Files\Eclipse Adoptium\jdk-17.0.5.8-hotspot\bin\vcruntime140_1.dll
0x00007ff8f3ae0000 - 0x00007ff8f3b71000 	C:\Program Files\Eclipse Adoptium\jdk-17.0.5.8-hotspot\bin\msvcp140.dll
0x00007ff8a8b50000 - 0x00007ff8a9794000 	C:\Program Files\Eclipse Adoptium\jdk-17.0.5.8-hotspot\bin\server\jvm.dll
0x00007ff93b0e0000 - 0x00007ff93b191000 	C:\WINDOWS\System32\ADVAPI32.dll
0x00007ff93b440000 - 0x00007ff93b4df000 	C:\WINDOWS\System32\sechost.dll
0x00007ff93b5f0000 - 0x00007ff93b710000 	C:\WINDOWS\System32\RPCRT4.dll
0x00007ff93ab90000 - 0x00007ff93abb7000 	C:\WINDOWS\System32\bcrypt.dll
0x00007ff92e330000 - 0x00007ff92e357000 	C:\WINDOWS\SYSTEM32\WINMM.dll
0x00007ff931ac0000 - 0x00007ff931aca000 	C:\WINDOWS\SYSTEM32\VERSION.dll
0x00007ff928cc0000 - 0x00007ff928cc9000 	C:\WINDOWS\SYSTEM32\WSOCK32.dll
0x00007ff93ce80000 - 0x00007ff93ceeb000 	C:\WINDOWS\System32\WS2_32.dll
0x00007ff938e20000 - 0x00007ff938e32000 	C:\WINDOWS\SYSTEM32\kernel.appcore.dll
0x00007ff9356d0000 - 0x00007ff9356da000 	C:\Program Files\Eclipse Adoptium\jdk-17.0.5.8-hotspot\bin\jimage.dll
0x00007ff938a40000 - 0x00007ff938c41000 	C:\WINDOWS\SYSTEM32\DBGHELP.DLL
0x00007ff92bce0000 - 0x00007ff92bd14000 	C:\WINDOWS\SYSTEM32\dbgcore.DLL
0x00007ff93ada0000 - 0x00007ff93ae22000 	C:\WINDOWS\System32\bcryptPrimitives.dll
0x00007ff90bd50000 - 0x00007ff90bd5e000 	C:\Program Files\Eclipse Adoptium\jdk-17.0.5.8-hotspot\bin\instrument.dll
0x00007ff921410000 - 0x00007ff921435000 	C:\Program Files\Eclipse Adoptium\jdk-17.0.5.8-hotspot\bin\java.dll
0x00007ff8f3a00000 - 0x00007ff8f3ad6000 	C:\Program Files\Eclipse Adoptium\jdk-17.0.5.8-hotspot\bin\jsvml.dll
0x00007ff93c200000 - 0x00007ff93c970000 	C:\WINDOWS\System32\SHELL32.dll
0x00007ff938290000 - 0x00007ff938a35000 	C:\WINDOWS\SYSTEM32\windows.storage.dll
0x00007ff93c970000 - 0x00007ff93ccc4000 	C:\WINDOWS\System32\combase.dll
0x00007ff939ff0000 - 0x00007ff93a01b000 	C:\WINDOWS\SYSTEM32\Wldp.dll
0x00007ff93c000000 - 0x00007ff93c0cd000 	C:\WINDOWS\System32\OLEAUT32.dll
0x00007ff93b4e0000 - 0x00007ff93b58d000 	C:\WINDOWS\System32\SHCORE.dll
0x00007ff93bf90000 - 0x00007ff93bfeb000 	C:\WINDOWS\System32\shlwapi.dll
0x00007ff93a4f0000 - 0x00007ff93a514000 	C:\WINDOWS\SYSTEM32\profapi.dll
0x00007ff90bcf0000 - 0x00007ff90bd08000 	C:\Program Files\Eclipse Adoptium\jdk-17.0.5.8-hotspot\bin\zip.dll
0x00007ff9205d0000 - 0x00007ff9205e9000 	C:\Program Files\Eclipse Adoptium\jdk-17.0.5.8-hotspot\bin\net.dll
0x00007ff9321b0000 - 0x00007ff9322ba000 	C:\WINDOWS\SYSTEM32\WINHTTP.dll
0x00007ff939d50000 - 0x00007ff939dba000 	C:\WINDOWS\system32\mswsock.dll
0x00007ff9205b0000 - 0x00007ff9205c5000 	C:\Program Files\Eclipse Adoptium\jdk-17.0.5.8-hotspot\bin\nio.dll
0x00007ff9205a0000 - 0x00007ff9205b0000 	C:\Program Files\Eclipse Adoptium\jdk-17.0.5.8-hotspot\bin\verify.dll
0x00007ff9207f0000 - 0x00007ff920817000 	C:\Users\sunwu\.gradle\native\1def1411415f61bf3af743bc5b6707747c0891f09f0c88961ee8f79bc544acac\windows-amd64\native-platform.dll
0x00007ff86b590000 - 0x00007ff86b607000 	C:\Users\sunwu\.gradle\native\0.2.8\x86_64-windows-gnu\gradle-fileevents.dll
0x00007ff920600000 - 0x00007ff920609000 	C:\Program Files\Eclipse Adoptium\jdk-17.0.5.8-hotspot\bin\management.dll
0x00007ff90e920000 - 0x00007ff90e92b000 	C:\Program Files\Eclipse Adoptium\jdk-17.0.5.8-hotspot\bin\management_ext.dll
0x00007ff93b1a0000 - 0x00007ff93b1a8000 	C:\WINDOWS\System32\PSAPI.DLL
0x00007ff9399e0000 - 0x00007ff939a1b000 	C:\WINDOWS\SYSTEM32\IPHLPAPI.DLL
0x00007ff93bff0000 - 0x00007ff93bff8000 	C:\WINDOWS\System32\NSI.dll
0x00007ff934de0000 - 0x00007ff934df7000 	C:\WINDOWS\SYSTEM32\dhcpcsvc6.DLL
0x00007ff9348c0000 - 0x00007ff9348dd000 	C:\WINDOWS\SYSTEM32\dhcpcsvc.DLL
0x00007ff939a30000 - 0x00007ff939afa000 	C:\WINDOWS\SYSTEM32\DNSAPI.dll
0x00007ff939f40000 - 0x00007ff939f58000 	C:\WINDOWS\SYSTEM32\CRYPTSP.dll
0x00007ff9395f0000 - 0x00007ff939628000 	C:\WINDOWS\system32\rsaenh.dll
0x00007ff93a4b0000 - 0x00007ff93a4de000 	C:\WINDOWS\SYSTEM32\USERENV.dll
0x00007ff939f60000 - 0x00007ff939f6c000 	C:\WINDOWS\SYSTEM32\CRYPTBASE.dll
0x00007ff90b000000 - 0x00007ff90b00e000 	C:\Program Files\Eclipse Adoptium\jdk-17.0.5.8-hotspot\bin\sunmscapi.dll
0x00007ff93abc0000 - 0x00007ff93ad1d000 	C:\WINDOWS\System32\CRYPT32.dll
0x00007ff93a060000 - 0x00007ff93a087000 	C:\WINDOWS\SYSTEM32\ncrypt.dll
0x00007ff93a020000 - 0x00007ff93a05b000 	C:\WINDOWS\SYSTEM32\NTASN1.dll
0x00007ff90dc60000 - 0x00007ff90dc67000 	C:\WINDOWS\system32\wshunix.dll

dbghelp: loaded successfully - version: 4.0.5 - missing functions: none
symbol engine: initialized successfully - sym options: 0x614 - pdb path: .;C:\Program Files\Eclipse Adoptium\jdk-17.0.5.8-hotspot\bin;C:\WINDOWS\SYSTEM32;C:\WINDOWS\WinSxS\amd64_microsoft.windows.common-controls_6595b64144ccf1df_6.0.19041.6456_none_60b8a6cb71f64256;C:\Program Files\Eclipse Adoptium\jdk-17.0.5.8-hotspot\bin\server;C:\Users\sunwu\.gradle\native\1def1411415f61bf3af743bc5b6707747c0891f09f0c88961ee8f79bc544acac\windows-amd64;C:\Users\sunwu\.gradle\native\0.2.8\x86_64-windows-gnu

VM Arguments:
jvm_args: --add-opens=java.base/java.lang=ALL-UNNAMED --add-opens=java.base/java.lang.invoke=ALL-UNNAMED --add-opens=java.base/java.util=ALL-UNNAMED --add-opens=java.prefs/java.util.prefs=ALL-UNNAMED --add-exports=jdk.compiler/com.sun.tools.javac.api=ALL-UNNAMED --add-exports=jdk.compiler/com.sun.tools.javac.util=ALL-UNNAMED --add-opens=java.base/java.util=ALL-UNNAMED --add-opens=java.prefs/java.util.prefs=ALL-UNNAMED --add-opens=java.base/java.nio.charset=ALL-UNNAMED --add-opens=java.base/java.net=ALL-UNNAMED --add-opens=java.base/java.util.concurrent=ALL-UNNAMED --add-opens=java.base/java.util.concurrent.atomic=ALL-UNNAMED --add-opens=java.xml/javax.xml.namespace=ALL-UNNAMED --add-opens=java.base/java.time=ALL-UNNAMED -XX:MaxMetaspaceSize=384m -XX:+HeapDumpOnOutOfMemoryError -Xms256m -Xmx512m -Dfile.encoding=GBK -Duser.country=CN -Duser.language=zh -Duser.variant -javaagent:C:\Users\sunwu\.gradle\wrapper\dists\gradle-9.1.0-bin\9agqghryom9wkf8r80qlhnts3\gradle-9.1.0\lib\agents\gradle-instrumentation-agent-9.1.0.jar 
java_command: org.gradle.launcher.daemon.bootstrap.GradleDaemon 9.1.0
java_class_path (initial): C:\Users\sunwu\.gradle\wrapper\dists\gradle-9.1.0-bin\9agqghryom9wkf8r80qlhnts3\gradle-9.1.0\lib\gradle-daemon-main-9.1.0.jar
Launcher Type: SUN_STANDARD

[Global flags]
     intx CICompilerCount                          = 12                                        {product} {ergonomic}
   size_t CompressedClassSpaceSize                 = 322961408                                 {product} {ergonomic}
     uint ConcGCThreads                            = 3                                         {product} {ergonomic}
     uint G1ConcRefinementThreads                  = 13                                        {product} {ergonomic}
   size_t G1HeapRegionSize                         = 1048576                                   {product} {ergonomic}
    uintx GCDrainStackTargetSize                   = 64                                        {product} {ergonomic}
     bool HeapDumpOnOutOfMemoryError               = true                                   {manageable} {command line}
   size_t InitialHeapSize                          = 268435456                                 {product} {command line}
   size_t MarkStackSize                            = 4194304                                   {product} {ergonomic}
   size_t MaxHeapSize                              = 536870912                                 {product} {command line}
   size_t MaxMetaspaceSize                         = 402653184                                 {product} {command line}
   size_t MaxNewSize                               = 321912832                                 {product} {ergonomic}
   size_t MinHeapDeltaBytes                        = 1048576                                   {product} {ergonomic}
   size_t MinHeapSize                              = 268435456                                 {product} {command line}
    uintx NonNMethodCodeHeapSize                   = 7602480                                {pd product} {ergonomic}
    uintx NonProfiledCodeHeapSize                  = 122027880                              {pd product} {ergonomic}
    uintx ProfiledCodeHeapSize                     = 122027880                              {pd product} {ergonomic}
    uintx ReservedCodeCacheSize                    = 251658240                              {pd product} {ergonomic}
     bool SegmentedCodeCache                       = true                                      {product} {ergonomic}
   size_t SoftMaxHeapSize                          = 536870912                              {manageable} {ergonomic}
     bool UseCompressedClassPointers               = true                           {product lp64_product} {ergonomic}
     bool UseCompressedOops                        = true                           {product lp64_product} {ergonomic}
     bool UseG1GC                                  = true                                      {product} {ergonomic}
     bool UseLargePagesIndividualAllocation        = false                                  {pd product} {ergonomic}

Logging:
Log output configuration:
 #0: stdout all=warning uptime,level,tags
 #1: stderr all=off uptime,level,tags

Environment Variables:
JAVA_HOME=C:\Program Files\Eclipse Adoptium\jdk-17.0.5.8-hotspot
PATH=C:\ProgramData\miniconda3;C:\ProgramData\miniconda3\Library\mingw-w64\bin;C:\ProgramData\miniconda3\Library\usr\bin;C:\ProgramData\miniconda3\Library\bin;C:\ProgramData\miniconda3\Scripts;C:\ProgramData\miniconda3\bin;C:\ProgramData\miniconda3\condabin;C:\Python313\Scripts;C:\Python313;C:\Program Files (x86)\Razer\ChromaBroadcast\bin;C:\Program Files\Razer\ChromaBroadcast\bin;C:\Program Files\MIT\Kerberos\bin;C:\Program Files\Eclipse Adoptium\jdk-17.0.5.8-hotspot\bin;C:\Python310\Scripts;C:\Python310;C:\ProgramData\Oracle\Java\javapath;C:\Program Files (x86)\Common Files\Intel\Shared Libraries\redist\intel64_win\compiler;C:\Windows\system32;C:\Windows;C:\Windows\System32\Wbem;C:\Windows\System32\WindowsPowerShell\v1.0;C:\Windows\System32\OpenSSH;C:\software\cmder;C:\Program Files\Git\cmd;c:\users\sunwu\appdata\local\programs\python\python37-32\Scripts;C:\Program Files\dotnet;C:\Users\sunwu\AppData\Local\Programs\Python\Python37-32\Scripts;C:\Users\sunwu\AppData\Local\Programs\Python\Python37-32;C:\Users\sunwu\AppData\Local\Microsoft\WindowsApps;C:\Users\sunwu\AppData\Local\Programs\Microsoft VS Code\bin;C:\Users\sunwu\go\bin;C:\Users\sunwu\AppData\Local\Programs\ipfs-desktop\resources\app.asar.unpacked\out\ipfs-on-path\scripts\bin-win;C:\Users\sunwu\AppData\Roaming\npm;C:\Program Files\LLVM\bin;C:\Program Files (x86)\GnuPG\bin;C:\WINDOWS\system32;C:\WINDOWS;C:\WINDOWS\System32\Wbem;C:\WINDOWS\System32\WindowsPowerShell\v1.0;C:\WINDOWS\System32\OpenSSH;C:\Program Files\Docker\Docker\resources\bin;C:\ProgramData\DockerDesktop\version-bin;C:\Users\sunwu\AppData\Roaming\nvm;C:\Program Files\nodejs;C:\Program Files (x86)\Lua\5.1;C:\Program Files (x86)\Lua\5.1\clibs;C:\Program Files\Go\bin;C:\Program Files (x86)\NVIDIA Corporation\PhysX\Common;C:\Program Files\starship\bin;C:\Program Files\PuTTY;c:\Users\sunwu\AppData\Local\Programs\cursor\resources\app\bin;C:\Program Files\NVIDIA Corporation\Nsight Compute 2023.1.1;C:\Users\sunwu\Downloads\temporal_cli;C:\Program Files
USERNAME=frank
OS=Windows_NT
PROCESSOR_IDENTIFIER=AMD64 Family 23 Model 113 Stepping 0, AuthenticAMD
TMP=C:\Users\sunwu\AppData\Local\Temp
TEMP=C:\Users\sunwu\AppData\Local\Temp



---------------  S Y S T E M  ---------------

OS:
 Windows 10 , 64 bit Build 19041 (10.0.19041.5915)
OS uptime: 6 days 13:02 hours

CPU: total 16 (initial active 16) (16 cores per cpu, 2 threads per core) family 23 model 113 stepping 0 microcode 0x0, cx8, cmov, fxsr, ht, mmx, 3dnowpref, sse, sse2, sse3, ssse3, sse4a, sse4.1, sse4.2, popcnt, lzcnt, tsc, tscinvbit, avx, avx2, aes, clmul, bmi1, bmi2, adx, sha, fma, vzeroupper, clflush, clflushopt

Memory: 4k page, system-wide physical 65486M (12239M free)
TotalPageFile size 187375M (AvailPageFile size 1M)
current process WorkingSet (physical memory assigned to process): 381M, peak: 381M
current process commit charge ("private bytes"): 514M, peak: 514M

vm_info: OpenJDK 64-Bit Server VM (17.0.5+8) for windows-amd64 JRE (17.0.5+8), built on Oct 19 2022 04:48:13 by "temurin" with MS VC++ 16.7 (VS2019)

END.
